Log file open, 10/31/17 16:52:33
LogInit:Display: Running engine for game: Soldier
LogPlatformFile: Not using cached read wrapper
LogInit:Display: RandInit(-446751088) SRandInit(-446751088).
LogTaskGraph: Started task graph with 5 named threads and 8 total threads with 1 sets of task threads.
LogStats: Stats thread started at 1.046602
LogInit: Using libcurl 7.47.1
LogInit:  - built for x86_64-pc-win32
LogInit:  - supports SSL with OpenSSL/1.0.2g
LogInit:  - supports HTTP deflate (compression) using libz 1.2.8
LogInit:  - other features:
LogInit:      CURL_VERSION_SSL
LogInit:      CURL_VERSION_LIBZ
LogInit:      CURL_VERSION_IPV6
LogInit:      CURL_VERSION_ASYNCHDNS
LogInit:      CURL_VERSION_LARGEFILE
LogInit:      CURL_VERSION_IDN
LogInit:  CurlRequestOptions (configurable via config and command line):
LogInit:  - bVerifyPeer = false  - Libcurl will NOT verify peer certificate
LogInit:  - bUseHttpProxy = false  - Libcurl will NOT use HTTP proxy
LogInit:  - bDontReuseConnections = false  - Libcurl will reuse connections
LogInit:  - CertBundlePath = nullptr  - Libcurl will use whatever was configured at build time.
LogInit: Build: ++UE4+Release-4.16-CL-3561208
LogInit: Engine Version: 4.16.3-3561208+++UE4+Release-4.16
LogInit: Compatible Engine Version: 4.16.0-3452394+++UE4+Release-4.16
LogInit: Net CL: 3452394
LogDevObjectVersion: Number of dev versions registered: 16
LogDevObjectVersion:   Dev-Blueprints (B0D832E4-1F89-4F0D-ACCF-7EB736FD4AA2): 9
LogDevObjectVersion:   Dev-Build (E1C64328-A22C-4D53-A36C-8E866417BD8C): 0
LogDevObjectVersion:   Dev-Core (375EC13C-06E4-48FB-B500-84F0262A717E): 2
LogDevObjectVersion:   Dev-Editor (E4B068ED-F494-42E9-A231-DA0B2E46BB41): 17
LogDevObjectVersion:   Dev-Framework (CFFC743F-43B0-4480-9391-14DF171D2073): 23
LogDevObjectVersion:   Dev-Mobile (B02B49B5-BB20-44E9-A304-32B752E40360): 0
LogDevObjectVersion:   Dev-Networking (A4E4105C-59A1-49B5-A7C5-40C4547EDFEE): 0
LogDevObjectVersion:   Dev-Online (39C831C9-5AE6-47DC-9A44-9C173E1C8E7C): 0
LogDevObjectVersion:   Dev-Physics (78F01B33-EBEA-4F98-B9B4-84EACCB95AA2): 0
LogDevObjectVersion:   Dev-Platform (6631380F-2D4D-43E0-8009-CF276956A95A): 0
LogDevObjectVersion:   Dev-Rendering (12F88B9F-8875-4AFC-A67C-D90C383ABD29): 15
LogDevObjectVersion:   Dev-Sequencer (7B5AE74C-D270-4C10-A958-57980B212A5A): 4
LogDevObjectVersion:   Dev-VR (D7296918-1DD6-4BDD-9DE2-64A83CC13884): 0
LogDevObjectVersion:   Dev-LoadTimes (C2A15278-BFE7-4AFE-6C17-90FF531DF755): 1
LogDevObjectVersion:   Private-Geometry (6EACA3D4-40EC-4CC1-B786-8BED09428FC5): 1
LogDevObjectVersion:   Dev-AnimPhys (29E575DD-E0A3-4627-9D10-D276232CDCEA): 3
LogInit: Compiled (64-bit): Jul 28 2017 11:49:47
LogInit: Compiled with Visual C++: 19.00.24215.01
LogInit: Build Configuration: Development
LogInit: Branch Name: ++UE4+Release-4.16
LogInit: Command line:  
LogInit: Base directory: C:/UE_4.16/Engine/Binaries/Win64/
LogInit: Installed Engine Build: 1
LogInit: Presizing for max 8388607 objects, including 0 objects not considered by GC, pre-allocating 0 bytes for permanent pool.
LogInit: Object subsystem initialized
[2017.10.31-05.52.34:580][  0]LogInit: Selected Device Profile: [Windows]
[2017.10.31-05.52.34:580][  0]LogInit: Applying CVar settings loaded from the selected device profile: [Windows]
[2017.10.31-05.52.34:610][  0]LogInit: Computer: RICARDOPC
[2017.10.31-05.52.34:610][  0]LogInit: User: RicardoB
[2017.10.31-05.52.34:610][  0]LogInit: CPU Page size=4096, Cores=4
[2017.10.31-05.52.34:610][  0]LogInit: High frequency timer resolution =3.410235 MHz
[2017.10.31-05.52.34:611][  0]LogMemory: Memory total: Physical=15.9GB (16GB approx)
[2017.10.31-05.52.34:611][  0]LogMemory: Platform Memory Stats for Windows
[2017.10.31-05.52.34:611][  0]LogMemory: Process Physical Memory: 271.38 MB used, 271.38 MB peak
[2017.10.31-05.52.34:611][  0]LogMemory: Process Virtual Memory: 260.57 MB used, 260.57 MB peak
[2017.10.31-05.52.34:611][  0]LogMemory: Physical Memory: 5004.34 MB used,  11317.80 MB free, 16322.13 MB total
[2017.10.31-05.52.34:611][  0]LogMemory: Virtual Memory: 617.14 MB used,  11317.80 MB free, 134217728.00 MB total
[2017.10.31-05.52.34:867][  0]LogInit: Using OS detected language (en-GB).
[2017.10.31-05.52.34:867][  0]LogInit: Using OS detected locale (en-AU).
[2017.10.31-05.52.34:876][  0]LogTextLocalizationManager: No specific localization for 'en-GB' exists, so the 'en' localization will be used.
[2017.10.31-05.52.36:007][  0]LogD3D11RHI: D3D11 adapters:
[2017.10.31-05.52.36:028][  0]LogD3D11RHI:    0. 'NVIDIA GeForce GTX 1060 3GB' (Feature Level 11_0)
[2017.10.31-05.52.36:028][  0]LogD3D11RHI:       2939/0/8161 MB DedicatedVideo/DedicatedSystem/SharedSystem, Outputs:2, VendorId:0x10de
[2017.10.31-05.52.36:029][  0]LogD3D11RHI:    1. 'Microsoft Basic Render Driver' (Feature Level 11_0)
[2017.10.31-05.52.36:029][  0]LogD3D11RHI:       0/0/256 MB DedicatedVideo/DedicatedSystem/SharedSystem, Outputs:0, VendorId:0x1414
[2017.10.31-05.52.36:029][  0]LogD3D11RHI: Chosen D3D11 Adapter: 0
[2017.10.31-05.52.36:033][  0]LogD3D11RHI: Creating new Direct3DDevice
[2017.10.31-05.52.36:033][  0]LogD3D11RHI:     GPU DeviceId: 0x1c02 (for the marketing name, search the web for "GPU Device Id")
[2017.10.31-05.52.36:033][  0]LogWindows: EnumDisplayDevices:
[2017.10.31-05.52.36:033][  0]LogWindows:    0. 'NVIDIA GeForce GTX 1060 3GB' (P:1 D:1)
[2017.10.31-05.52.36:034][  0]LogWindows:    1. 'NVIDIA GeForce GTX 1060 3GB' (P:0 D:1)
[2017.10.31-05.52.36:034][  0]LogWindows:    2. 'NVIDIA GeForce GTX 1060 3GB' (P:0 D:0)
[2017.10.31-05.52.36:034][  0]LogWindows:    3. 'NVIDIA GeForce GTX 1060 3GB' (P:0 D:0)
[2017.10.31-05.52.36:034][  0]LogWindows: DebugString: FoundDriverCount:4 
[2017.10.31-05.52.36:034][  0]LogD3D11RHI:     Adapter Name: NVIDIA GeForce GTX 1060 3GB
[2017.10.31-05.52.36:034][  0]LogD3D11RHI:   Driver Version: 384.94 (internal:22.21.13.8494, unified:384.94)
[2017.10.31-05.52.36:034][  0]LogD3D11RHI:      Driver Date: 7-18-2017
[2017.10.31-05.52.36:034][  0]LogRHI: Texture pool is 1361 MB (70% of 1945 MB)
[2017.10.31-05.52.36:050][  0]LogD3D11RHI: Async texture creation enabled
[2017.10.31-05.52.36:094][  0]LogD3D11RHI: GPU Timing Frequency: 1000.000000 (Debug: 2 2)
[2017.10.31-05.52.36:151][  0]LogD3D11RHI: HDR output is supported on display 1 (NvId: 0x80061086).
[2017.10.31-05.52.36:153][  0]LogShaderCompilers: Guid format shader working directory is 11 characters bigger than the processId version (../../../../UE4MajorProject/ue4-soldier/Intermediate/Shaders/WorkingDirectory/440/).
[2017.10.31-05.52.36:153][  0]LogShaderCompilers: Cleaned the shader compiler working directory 'C:/Users/RicardoB/AppData/Local/Temp/UnrealShaderWorkingDir/410569DE40678DB9E303CC885F1A4946/'.
[2017.10.31-05.52.36:154][  0]LogShaderCompilers:Display: Using Local Shader Compiler.
[2017.10.31-05.52.37:504][  0]LogTemp:Display: Loaded TP AllDesktopTargetPlatform
[2017.10.31-05.52.37:559][  0]LogTemp:Display: Loaded TP MacClientTargetPlatform
[2017.10.31-05.52.37:608][  0]LogTemp:Display: Loaded TP MacNoEditorTargetPlatform
[2017.10.31-05.52.37:655][  0]LogTemp:Display: Loaded TP MacServerTargetPlatform
[2017.10.31-05.52.37:705][  0]LogTemp:Display: Loaded TP MacTargetPlatform
[2017.10.31-05.52.37:753][  0]LogTemp:Display: Loaded TP WindowsClientTargetPlatform
[2017.10.31-05.52.37:803][  0]LogTemp:Display: Loaded TP WindowsNoEditorTargetPlatform
[2017.10.31-05.52.37:849][  0]LogTemp:Display: Loaded TP WindowsServerTargetPlatform
[2017.10.31-05.52.37:892][  0]LogTemp:Display: Loaded TP WindowsTargetPlatform
[2017.10.31-05.52.37:940][  0]LogTemp:Display: Loaded TP AndroidTargetPlatform
[2017.10.31-05.52.37:987][  0]LogTemp:Display: Loaded TP Android_ASTCTargetPlatform
[2017.10.31-05.52.38:036][  0]LogTemp:Display: Loaded TP Android_ATCTargetPlatform
[2017.10.31-05.52.38:083][  0]LogTemp:Display: Loaded TP Android_DXTTargetPlatform
[2017.10.31-05.52.38:131][  0]LogTemp:Display: Loaded TP Android_ETC1TargetPlatform
[2017.10.31-05.52.38:179][  0]LogTemp:Display: Loaded TP Android_ETC2TargetPlatform
[2017.10.31-05.52.38:280][  0]LogTemp:Display: Loaded TP Android_MultiTargetPlatform
[2017.10.31-05.52.38:280][  0]LogTemp:Display: Loaded TP Android_PVRTCTargetPlatform
[2017.10.31-05.52.38:316][  0]LogTemp:Display: Loaded TP HTML5TargetPlatform
[2017.10.31-05.52.38:418][  0]LogTemp:Display: Loaded TP IOSTargetPlatform
[2017.10.31-05.52.38:447][  0]LogTemp:Display: Loaded TP TVOSTargetPlatform
[2017.10.31-05.52.38:495][  0]LogTemp:Display: Loaded TP LinuxClientTargetPlatform
[2017.10.31-05.52.38:542][  0]LogTemp:Display: Loaded TP LinuxNoEditorTargetPlatform
[2017.10.31-05.52.38:589][  0]LogTemp:Display: Loaded TP LinuxServerTargetPlatform
[2017.10.31-05.52.38:642][  0]LogTemp:Display: Loaded TP LinuxTargetPlatform
[2017.10.31-05.52.38:642][  0]LogTargetPlatformManager:Display: Building Assets For Windows
[2017.10.31-05.52.39:215][  0]LogDerivedDataCache:Display: Max Cache Size: 512 MB
[2017.10.31-05.52.39:907][  0]LogDerivedDataCache: Loaded boot cache 0.69s 90MB C:/Users/RicardoB/AppData/Local/UnrealEngine/4.16/DerivedDataCache/Boot.ddc.
[2017.10.31-05.52.39:907][  0]LogDerivedDataCache:Display: Loaded Boot cache: C:/Users/RicardoB/AppData/Local/UnrealEngine/4.16/DerivedDataCache/Boot.ddc
[2017.10.31-05.52.39:907][  0]LogDerivedDataCache: FDerivedDataBackendGraph:  Pak pak cache file ../../../../UE4MajorProject/ue4-soldier/DerivedDataCache/DDC.ddp not found, will not use a pak cache.
[2017.10.31-05.52.39:907][  0]LogDerivedDataCache: Unable to find inner node Pak for hierarchical cache Hierarchy.
[2017.10.31-05.52.39:907][  0]LogDerivedDataCache: FDerivedDataBackendGraph:  CompressedPak pak cache file ../../../../UE4MajorProject/ue4-soldier/DerivedDataCache/Compressed.ddp not found, will not use a pak cache.
[2017.10.31-05.52.39:907][  0]LogDerivedDataCache: Unable to find inner node CompressedPak for hierarchical cache Hierarchy.
[2017.10.31-05.52.39:931][  0]LogDerivedDataCache:Display: Pak cache opened for reading ../../../Engine/DerivedDataCache/Compressed.ddp.
[2017.10.31-05.52.39:944][  0]LogDerivedDataCache: Using Local data cache path C:/Users/RicardoB/AppData/Local/UnrealEngine/Common/DerivedDataCache: Writable
[2017.10.31-05.52.39:959][  0]LogMaterial: Verifying Global Shaders for PCD3D_SM5
[2017.10.31-05.52.39:968][  0]LogSlate: Using Freetype 2.6.0
[2017.10.31-05.52.39:975][  0]LogSlate: SlateFontCache - WITH_FREETYPE: 1, WITH_HARFBUZZ: 1
[2017.10.31-05.52.39:975][  0]LogSlate: SlateFontCache - WITH_FREETYPE: 1, WITH_HARFBUZZ: 1
[2017.10.31-05.52.41:099][  0]LogInit: Selected Device Profile: [Windows]
[2017.10.31-05.52.41:281][  0]LogContentStreaming: Texture pool size is 0.00 MB
[2017.10.31-05.52.41:503][  0]LogMeshUtilities: Using QuadricMeshReduction for automatic static mesh reduction
[2017.10.31-05.52.41:562][  0]LogSimplygon: Simplygon DLL not present - disabling.
[2017.10.31-05.52.41:612][  0]LogMeshUtilities: Using SimplygonSwarm for distributed automatic mesh merging
[2017.10.31-05.52.41:612][  0]LogMeshUtilities: No automatic skeletal mesh reduction module available
[2017.10.31-05.52.41:612][  0]LogMeshUtilities: No automatic mesh merging module available
[2017.10.31-05.52.42:605][  0]LogNetVersion: Soldier , NetCL: 3452394, EngineNetVer: 2, GameNetVer: 0 (Checksum: 372283363)
[2017.10.31-05.52.42:704][  0]LogAssetRegistry: FAssetRegistry took 0.0322 seconds to start up
[2017.10.31-05.52.42:760][  0]LogPackageLocalizationCache: Processed 4 localized package path(s) for 2 prioritized culture(s) in 0.034167 seconds
[2017.10.31-05.52.42:766][  0]LogUObjectArray: 34194 objects as part of root set at end of initial load.
[2017.10.31-05.52.42:766][  0]LogUObjectAllocator: 7260424 out of 0 bytes used by permanent object pool.
[2017.10.31-05.52.42:766][  0]LogUObjectArray: CloseDisregardForGC: 0/0 objects in disregard for GC pool
[2017.10.31-05.52.42:829][  0]LogInit: WinSock: version 1.1 (2.2), MaxSocks=32767, MaxUdp=65467
[2017.10.31-05.52.46:386][  0]LogTcpMessaging: Initializing TcpMessaging bridge
[2017.10.31-05.52.46:432][  0]LogUdpMessaging: Initializing bridge on interface 0.0.0.0:0 to multicast group 230.0.0.1:6666.
[2017.10.31-05.52.47:085][  0]LogMaterial: Uniform references updated for custom material expression Custom.
[2017.10.31-05.52.47:558][  0]SourceControl: Info Source control is disabled
[2017.10.31-05.52.47:613][  0]SourceControl: Info Source control is disabled
[2017.10.31-05.52.47:673][  0]SourceControl: Info Source control is disabled
[2017.10.31-05.52.47:723][  0]SourceControl: Info Source control is disabled
[2017.10.31-05.52.48:521][  0]LogAndroidPermission: UAndroidPermissionCallbackProxy::GetInstance
[2017.10.31-05.52.49:201][  0]LogEngine: Initializing Engine...
[2017.10.31-05.52.49:204][  0]LogHMD: Failed to initialize OpenVR with code 110
[2017.10.31-05.52.49:450][  0]LogStats: UGameplayTagsManager::ConstructGameplayTagTree: Construct from data asset -  0.000 s
[2017.10.31-05.52.49:451][  0]LogStats: UGameplayTagsManager::ConstructGameplayTagTree: GameplayTagTreeChangedEvent.Broadcast -  0.000 s
[2017.10.31-05.52.49:627][  0]LogAIModule: Creating AISystem for world Untitled
[2017.10.31-05.52.49:658][  0]LogInit: XAudio2 using 'Speakers (6- Logitech G430 Gaming Headset)' : 2 channels at 48 kHz using 16 bits per sample (channel mask 0x3)
[2017.10.31-05.52.49:672][  0]LogInit: FAudioDevice initialized.
[2017.10.31-05.52.49:728][  0]LogDerivedDataCache: Saved boot cache 0.06s 90MB C:/Users/RicardoB/AppData/Local/UnrealEngine/4.16/DerivedDataCache/Boot.ddc.
[2017.10.31-05.52.49:736][  0]LogInit: Texture streaming: Enabled
[2017.10.31-05.52.49:837][  0]LogEngineSessionManager: EngineSessionManager initialized
[2017.10.31-05.52.50:096][  0]LogInit: Transaction tracking system initialized
[2017.10.31-05.52.50:453][  0]BlueprintLog: New page: Editor Load
[2017.10.31-05.52.51:528][  0]LocalizationService: Info Localization service is disabled
[2017.10.31-05.52.52:280][  0]LogConsoleResponse:Display: 
[2017.10.31-05.52.52:566][  0]LogCook:Display: Max memory allowance for cook 16384mb min free memory 0mb
[2017.10.31-05.52.52:566][  0]LogCook:Display: Mobile HDR setting 1
[2017.10.31-05.52.52:743][  0]LogFileCache: Scanning file cache for directory 'C:/UE4MajorProject/ue4-soldier/Content/' took 0.02s
[2017.10.31-05.52.53:690][  0]SourceControl: Info Source control is disabled
[2017.10.31-05.52.53:694][  0]Cmd: MAP LOAD FILE="../../../../UE4MajorProject/ue4-soldier/Content/ThirdPersonBP/Maps/ThirdPersonExampleMap.umap" TEMPLATE=0 SHOWPROGRESS=1 FEATURELEVEL=3
[2017.10.31-05.52.53:696][  0]LightingResults: New page: Lighting Build
[2017.10.31-05.52.53:743][  0]MapCheck: New page: Map Check
[2017.10.31-05.52.53:743][  0]LightingResults: New page: Lighting Build
[2017.10.31-05.52.54:925][  0]LogAIModule: Creating AISystem for world ThirdPersonExampleMap
[2017.10.31-05.52.54:971][  0]LogEditorServer: Finished looking for orphan Actors (0.000 secs)
[2017.10.31-05.52.54:993][  0]Cmd: MAP CHECKDEP NOCLEARLOG
[2017.10.31-05.52.55:046][  0]MapCheck: Info Map check complete: 0 Error(s), 0 Warning(s), took 53.003ms to complete.
[2017.10.31-05.52.55:046][  0]LogFileHelpers: Loading map 'ThirdPersonExampleMap' took 1.353
[2017.10.31-05.52.55:298][  0]LogCollectionManager: Loaded 0 collections in 0.001450 seconds
[2017.10.31-05.52.55:404][  0]LogFileCache: Scanning file cache for directory 'C:/UE4MajorProject/ue4-soldier/Saved/Collections/' took 0.01s
[2017.10.31-05.52.55:404][  0]LogFileCache: Scanning file cache for directory 'C:/UE4MajorProject/ue4-soldier/Content/Developers/RicardoB/Collections/' took 0.01s
[2017.10.31-05.52.55:404][  0]LogFileCache: Scanning file cache for directory 'C:/UE4MajorProject/ue4-soldier/Content/Collections/' took 0.01s
[2017.10.31-05.52.55:404][  0]LogCollectionManager: Rebuilt the GUID cache for 0 collections in 0.000002 seconds
[2017.10.31-05.52.55:417][  0]LogContentBrowser: Native class hierarchy populated in 0.0107 seconds. Added 2329 classes and 491 folders.
[2017.10.31-05.52.55:485][  0]LogContentBrowser: Native class hierarchy updated for 'WidgetCarousel' in 0.0006 seconds. Added 0 classes and 0 folders.
[2017.10.31-05.52.55:594][  0]LogContentBrowser: Native class hierarchy updated for 'AddContentDialog' in 0.0005 seconds. Added 0 classes and 0 folders.
[2017.10.31-05.52.55:649][  0]LogContentBrowser: Native class hierarchy updated for 'SceneOutliner' in 0.0006 seconds. Added 1 classes and 2 folders.
[2017.10.31-05.52.55:758][  0]LogCrashTracker: Crashtracker disabled due to settings.
[2017.10.31-05.52.55:774][  0]LogSlate: Took 0.001164 seconds to synchronously load lazily loaded font '../../../Engine/Content/Slate/Fonts/Roboto-Regular.ttf' (155K)
[2017.10.31-05.52.55:778][  0]LogSlate: Took 0.001681 seconds to synchronously load lazily loaded font '../../../Engine/Content/Slate/Fonts/Roboto-Bold.ttf' (160K)
[2017.10.31-05.52.55:787][  0]LogSlate: Took 0.001673 seconds to synchronously load lazily loaded font '../../../Engine/Content/Editor/Slate/Fonts/FontAwesome.ttf' (139K)
[2017.10.31-05.52.55:907][  0]LogRenderer: Reallocating scene render targets to support 1208x576 NumSamples 1 (Frame:1).
[2017.10.31-05.52.56:084][  0]LogUObjectGlobals:Warning: Failed to find object 'Class None.'
[2017.10.31-05.52.56:154][  0]LogContentBrowser: Native class hierarchy updated for 'HierarchicalLODOutliner' in 0.0006 seconds. Added 1 classes and 2 folders.
[2017.10.31-05.52.56:154][  0]LogLoad: (Engine Initialization) Total time: 24.68 seconds
[2017.10.31-05.52.56:154][  0]LogLoad: (Engine Initialization) Total Blueprint compile time: 0.33 seconds
[2017.10.31-05.52.56:154][  0]LogExternalProfiler: No external profilers were discovered.  External profiling features will not be available.
[2017.10.31-05.52.56:494][  0]LogOcInput: OculusInput pre-init called
[2017.10.31-05.52.56:494][  0]LogHMD: Starting GearVRController plugin
[2017.10.31-05.52.56:550][  0]LogContentStreaming: Texture pool size now 1000 MB
[2017.10.31-05.52.56:620][  0]LogSlate: Took 0.001445 seconds to synchronously load lazily loaded font '../../../Engine/Content/Slate/Fonts/Roboto-Light.ttf' (159K)
[2017.10.31-05.52.57:181][  2]LogAssetRegistry: Asset discovery search completed in 14.5001 seconds
[2017.10.31-05.52.57:183][  2]LogCollectionManager: Rebuilt the object cache for 0 collections in 0.000001 seconds (found 0 objects)
[2017.10.31-05.52.57:183][  2]LogCollectionManager: Fixed up redirectors for 0 collections in 0.000039 seconds (updated 0 objects)
[2017.10.31-05.52.57:515][  3]LogSlate: Took 0.000444 seconds to synchronously load lazily loaded font '../../../Engine/Content/Slate/Fonts/Roboto-Light.ttf' (159K)
[2017.10.31-05.53.02:160][ 17]LogFileCache: Retrieving MD5 hashes for directory 'C:/UE4MajorProject/ue4-soldier/Content/' took 5.65s
[2017.10.31-05.54.11:367][662]LogRenderer: Reallocating scene render targets to support 1208x600 NumSamples 1 (Frame:379).
