Log file open, 11/13/17 01:36:13
LogInit:Display: Running engine for game: Soldier
LogPlatformFile: Not using cached read wrapper
LogInit:Display: RandInit(2098553509) SRandInit(2098553510).
LogTaskGraph: Started task graph with 5 named threads and 8 total threads with 1 sets of task threads.
LogStats: Stats thread started at 0.099545
LogInit: Using libcurl 7.47.1
LogInit:  - built for x86_64-pc-win32
LogInit:  - supports SSL with OpenSSL/1.0.2g
LogInit:  - supports HTTP deflate (compression) using libz 1.2.8
LogInit:  - other features:
LogInit:      CURL_VERSION_SSL
LogInit:      CURL_VERSION_LIBZ
LogInit:      CURL_VERSION_IPV6
LogInit:      CURL_VERSION_ASYNCHDNS
LogInit:      CURL_VERSION_LARGEFILE
LogInit:      CURL_VERSION_IDN
LogInit:  CurlRequestOptions (configurable via config and command line):
LogInit:  - bVerifyPeer = false  - Libcurl will NOT verify peer certificate
LogInit:  - bUseHttpProxy = false  - Libcurl will NOT use HTTP proxy
LogInit:  - bDontReuseConnections = false  - Libcurl will reuse connections
LogInit:  - CertBundlePath = nullptr  - Libcurl will use whatever was configured at build time.
LogInit: Build: ++UE4+Release-4.16-CL-3561208
LogInit: Engine Version: 4.16.3-3561208+++UE4+Release-4.16
LogInit: Compatible Engine Version: 4.16.0-3452394+++UE4+Release-4.16
LogInit: Net CL: 3452394
LogDevObjectVersion: Number of dev versions registered: 16
LogDevObjectVersion:   Dev-Blueprints (B0D832E4-1F89-4F0D-ACCF-7EB736FD4AA2): 9
LogDevObjectVersion:   Dev-Build (E1C64328-A22C-4D53-A36C-8E866417BD8C): 0
LogDevObjectVersion:   Dev-Core (375EC13C-06E4-48FB-B500-84F0262A717E): 2
LogDevObjectVersion:   Dev-Editor (E4B068ED-F494-42E9-A231-DA0B2E46BB41): 17
LogDevObjectVersion:   Dev-Framework (CFFC743F-43B0-4480-9391-14DF171D2073): 23
LogDevObjectVersion:   Dev-Mobile (B02B49B5-BB20-44E9-A304-32B752E40360): 0
LogDevObjectVersion:   Dev-Networking (A4E4105C-59A1-49B5-A7C5-40C4547EDFEE): 0
LogDevObjectVersion:   Dev-Online (39C831C9-5AE6-47DC-9A44-9C173E1C8E7C): 0
LogDevObjectVersion:   Dev-Physics (78F01B33-EBEA-4F98-B9B4-84EACCB95AA2): 0
LogDevObjectVersion:   Dev-Platform (6631380F-2D4D-43E0-8009-CF276956A95A): 0
LogDevObjectVersion:   Dev-Rendering (12F88B9F-8875-4AFC-A67C-D90C383ABD29): 15
LogDevObjectVersion:   Dev-Sequencer (7B5AE74C-D270-4C10-A958-57980B212A5A): 4
LogDevObjectVersion:   Dev-VR (D7296918-1DD6-4BDD-9DE2-64A83CC13884): 0
LogDevObjectVersion:   Dev-LoadTimes (C2A15278-BFE7-4AFE-6C17-90FF531DF755): 1
LogDevObjectVersion:   Private-Geometry (6EACA3D4-40EC-4CC1-B786-8BED09428FC5): 1
LogDevObjectVersion:   Dev-AnimPhys (29E575DD-E0A3-4627-9D10-D276232CDCEA): 3
LogInit: Compiled (64-bit): Jul 28 2017 11:49:47
LogInit: Compiled with Visual C++: 19.00.24215.01
LogInit: Build Configuration: Development
LogInit: Branch Name: ++UE4+Release-4.16
LogInit: Command line:  
LogInit: Base directory: C:/UE_4.16/Engine/Binaries/Win64/
LogInit: Installed Engine Build: 1
LogInit: Presizing for max 8388607 objects, including 0 objects not considered by GC, pre-allocating 0 bytes for permanent pool.
LogInit: Object subsystem initialized
[2017.11.12-14.36.14:265][  0]LogInit: Selected Device Profile: [Windows]
[2017.11.12-14.36.14:265][  0]LogInit: Applying CVar settings loaded from the selected device profile: [Windows]
[2017.11.12-14.36.14:284][  0]LogInit: Computer: RICARDOPC
[2017.11.12-14.36.14:284][  0]LogInit: User: RicardoB
[2017.11.12-14.36.14:284][  0]LogInit: CPU Page size=4096, Cores=4
[2017.11.12-14.36.14:284][  0]LogInit: High frequency timer resolution =3.410228 MHz
[2017.11.12-14.36.14:284][  0]LogMemory: Memory total: Physical=15.9GB (16GB approx)
[2017.11.12-14.36.14:284][  0]LogMemory: Platform Memory Stats for Windows
[2017.11.12-14.36.14:284][  0]LogMemory: Process Physical Memory: 271.55 MB used, 271.55 MB peak
[2017.11.12-14.36.14:284][  0]LogMemory: Process Virtual Memory: 260.57 MB used, 260.57 MB peak
[2017.11.12-14.36.14:284][  0]LogMemory: Physical Memory: 11482.05 MB used,  4840.08 MB free, 16322.13 MB total
[2017.11.12-14.36.14:284][  0]LogMemory: Virtual Memory: 617.14 MB used,  4840.08 MB free, 134217728.00 MB total
[2017.11.12-14.36.14:352][  0]LogInit: Using OS detected language (en-GB).
[2017.11.12-14.36.14:352][  0]LogInit: Using OS detected locale (en-AU).
[2017.11.12-14.36.14:355][  0]LogTextLocalizationManager: No specific localization for 'en-GB' exists, so the 'en' localization will be used.
[2017.11.12-14.36.15:278][  0]LogD3D11RHI: D3D11 adapters:
[2017.11.12-14.36.15:301][  0]LogD3D11RHI:    0. 'NVIDIA GeForce GTX 1060 3GB' (Feature Level 11_0)
[2017.11.12-14.36.15:301][  0]LogD3D11RHI:       2939/0/8161 MB DedicatedVideo/DedicatedSystem/SharedSystem, Outputs:2, VendorId:0x10de
[2017.11.12-14.36.15:302][  0]LogD3D11RHI:    1. 'Microsoft Basic Render Driver' (Feature Level 11_0)
[2017.11.12-14.36.15:302][  0]LogD3D11RHI:       0/0/256 MB DedicatedVideo/DedicatedSystem/SharedSystem, Outputs:0, VendorId:0x1414
[2017.11.12-14.36.15:302][  0]LogD3D11RHI: Chosen D3D11 Adapter: 0
[2017.11.12-14.36.15:306][  0]LogD3D11RHI: Creating new Direct3DDevice
[2017.11.12-14.36.15:306][  0]LogD3D11RHI:     GPU DeviceId: 0x1c02 (for the marketing name, search the web for "GPU Device Id")
[2017.11.12-14.36.15:306][  0]LogWindows: EnumDisplayDevices:
[2017.11.12-14.36.15:306][  0]LogWindows:    0. 'NVIDIA GeForce GTX 1060 3GB' (P:1 D:1)
[2017.11.12-14.36.15:306][  0]LogWindows:    1. 'NVIDIA GeForce GTX 1060 3GB' (P:0 D:1)
[2017.11.12-14.36.15:306][  0]LogWindows:    2. 'NVIDIA GeForce GTX 1060 3GB' (P:0 D:0)
[2017.11.12-14.36.15:306][  0]LogWindows:    3. 'NVIDIA GeForce GTX 1060 3GB' (P:0 D:0)
[2017.11.12-14.36.15:306][  0]LogWindows: DebugString: FoundDriverCount:4 
[2017.11.12-14.36.15:306][  0]LogD3D11RHI:     Adapter Name: NVIDIA GeForce GTX 1060 3GB
[2017.11.12-14.36.15:306][  0]LogD3D11RHI:   Driver Version: 384.94 (internal:22.21.13.8494, unified:384.94)
[2017.11.12-14.36.15:306][  0]LogD3D11RHI:      Driver Date: 7-18-2017
[2017.11.12-14.36.15:306][  0]LogRHI: Texture pool is 1361 MB (70% of 1945 MB)
[2017.11.12-14.36.15:323][  0]LogD3D11RHI: Async texture creation enabled
[2017.11.12-14.36.15:341][  0]LogD3D11RHI: GPU Timing Frequency: 1000.000000 (Debug: 2 2)
[2017.11.12-14.36.15:438][  0]LogShaderCompilers: Guid format shader working directory is 10 characters bigger than the processId version (../../../../UE4MajorProject/ue4-soldier/Intermediate/Shaders/WorkingDirectory/9324/).
[2017.11.12-14.36.15:438][  0]LogShaderCompilers: Cleaned the shader compiler working directory 'C:/Users/RicardoB/AppData/Local/Temp/UnrealShaderWorkingDir/9F32E96942A70CD7FD892389692EC65F/'.
[2017.11.12-14.36.15:438][  0]LogShaderCompilers:Display: Using Local Shader Compiler.
[2017.11.12-14.36.16:518][  0]LogTemp:Display: Loaded TP AllDesktopTargetPlatform
[2017.11.12-14.36.16:567][  0]LogTemp:Display: Loaded TP MacClientTargetPlatform
[2017.11.12-14.36.16:620][  0]LogTemp:Display: Loaded TP MacNoEditorTargetPlatform
[2017.11.12-14.36.16:667][  0]LogTemp:Display: Loaded TP MacServerTargetPlatform
[2017.11.12-14.36.16:714][  0]LogTemp:Display: Loaded TP MacTargetPlatform
[2017.11.12-14.36.16:761][  0]LogTemp:Display: Loaded TP WindowsClientTargetPlatform
[2017.11.12-14.36.16:814][  0]LogTemp:Display: Loaded TP WindowsNoEditorTargetPlatform
[2017.11.12-14.36.16:863][  0]LogTemp:Display: Loaded TP WindowsServerTargetPlatform
[2017.11.12-14.36.16:905][  0]LogTemp:Display: Loaded TP WindowsTargetPlatform
[2017.11.12-14.36.16:955][  0]LogTemp:Display: Loaded TP AndroidTargetPlatform
[2017.11.12-14.36.17:003][  0]LogTemp:Display: Loaded TP Android_ASTCTargetPlatform
[2017.11.12-14.36.17:054][  0]LogTemp:Display: Loaded TP Android_ATCTargetPlatform
[2017.11.12-14.36.17:101][  0]LogTemp:Display: Loaded TP Android_DXTTargetPlatform
[2017.11.12-14.36.17:154][  0]LogTemp:Display: Loaded TP Android_ETC1TargetPlatform
[2017.11.12-14.36.17:204][  0]LogTemp:Display: Loaded TP Android_ETC2TargetPlatform
[2017.11.12-14.36.17:299][  0]LogTemp:Display: Loaded TP Android_MultiTargetPlatform
[2017.11.12-14.36.17:299][  0]LogTemp:Display: Loaded TP Android_PVRTCTargetPlatform
[2017.11.12-14.36.17:333][  0]LogTemp:Display: Loaded TP HTML5TargetPlatform
[2017.11.12-14.36.17:422][  0]LogTemp:Display: Loaded TP IOSTargetPlatform
[2017.11.12-14.36.17:453][  0]LogTemp:Display: Loaded TP TVOSTargetPlatform
[2017.11.12-14.36.17:503][  0]LogTemp:Display: Loaded TP LinuxClientTargetPlatform
[2017.11.12-14.36.17:553][  0]LogTemp:Display: Loaded TP LinuxNoEditorTargetPlatform
[2017.11.12-14.36.17:599][  0]LogTemp:Display: Loaded TP LinuxServerTargetPlatform
[2017.11.12-14.36.17:652][  0]LogTemp:Display: Loaded TP LinuxTargetPlatform
[2017.11.12-14.36.17:652][  0]LogTargetPlatformManager:Display: Building Assets For Windows
[2017.11.12-14.36.18:132][  0]LogDerivedDataCache:Display: Max Cache Size: 512 MB
[2017.11.12-14.36.18:230][  0]LogDerivedDataCache: Loaded boot cache 0.10s 90MB C:/Users/RicardoB/AppData/Local/UnrealEngine/4.16/DerivedDataCache/Boot.ddc.
[2017.11.12-14.36.18:231][  0]LogDerivedDataCache:Display: Loaded Boot cache: C:/Users/RicardoB/AppData/Local/UnrealEngine/4.16/DerivedDataCache/Boot.ddc
[2017.11.12-14.36.18:231][  0]LogDerivedDataCache: FDerivedDataBackendGraph:  Pak pak cache file ../../../../UE4MajorProject/ue4-soldier/DerivedDataCache/DDC.ddp not found, will not use a pak cache.
[2017.11.12-14.36.18:231][  0]LogDerivedDataCache: Unable to find inner node Pak for hierarchical cache Hierarchy.
[2017.11.12-14.36.18:231][  0]LogDerivedDataCache: FDerivedDataBackendGraph:  CompressedPak pak cache file ../../../../UE4MajorProject/ue4-soldier/DerivedDataCache/Compressed.ddp not found, will not use a pak cache.
[2017.11.12-14.36.18:231][  0]LogDerivedDataCache: Unable to find inner node CompressedPak for hierarchical cache Hierarchy.
[2017.11.12-14.36.18:249][  0]LogDerivedDataCache:Display: Pak cache opened for reading ../../../Engine/DerivedDataCache/Compressed.ddp.
[2017.11.12-14.36.18:262][  0]LogDerivedDataCache: Using Local data cache path C:/Users/RicardoB/AppData/Local/UnrealEngine/Common/DerivedDataCache: Writable
[2017.11.12-14.36.18:273][  0]LogMaterial: Verifying Global Shaders for PCD3D_SM5
[2017.11.12-14.36.18:273][  0]LogSlate: Using Freetype 2.6.0
[2017.11.12-14.36.18:274][  0]LogSlate: SlateFontCache - WITH_FREETYPE: 1, WITH_HARFBUZZ: 1
[2017.11.12-14.36.18:274][  0]LogSlate: SlateFontCache - WITH_FREETYPE: 1, WITH_HARFBUZZ: 1
[2017.11.12-14.36.18:638][  0]LogInit: Selected Device Profile: [Windows]
[2017.11.12-14.36.18:720][  0]LogContentStreaming: Texture pool size is 0.00 MB
[2017.11.12-14.36.18:881][  0]LogMeshUtilities: Using QuadricMeshReduction for automatic static mesh reduction
[2017.11.12-14.36.18:922][  0]LogSimplygon: Simplygon DLL not present - disabling.
[2017.11.12-14.36.18:965][  0]LogMeshUtilities: Using SimplygonSwarm for distributed automatic mesh merging
[2017.11.12-14.36.18:965][  0]LogMeshUtilities: No automatic skeletal mesh reduction module available
[2017.11.12-14.36.18:965][  0]LogMeshUtilities: No automatic mesh merging module available
[2017.11.12-14.36.19:528][  0]LogNetVersion: Soldier , NetCL: 3452394, EngineNetVer: 2, GameNetVer: 0 (Checksum: 372283363)
[2017.11.12-14.36.19:593][  0]LogAssetRegistry: FAssetRegistry took 0.0256 seconds to start up
[2017.11.12-14.36.19:650][  0]LogPackageLocalizationCache: Processed 4 localized package path(s) for 2 prioritized culture(s) in 0.035450 seconds
[2017.11.12-14.36.19:656][  0]LogUObjectArray: 34194 objects as part of root set at end of initial load.
[2017.11.12-14.36.19:656][  0]LogUObjectAllocator: 7260416 out of 0 bytes used by permanent object pool.
[2017.11.12-14.36.19:656][  0]LogUObjectArray: CloseDisregardForGC: 0/0 objects in disregard for GC pool
[2017.11.12-14.36.19:717][  0]LogInit: WinSock: version 1.1 (2.2), MaxSocks=32767, MaxUdp=65467
[2017.11.12-14.36.22:062][  0]LogTcpMessaging: Initializing TcpMessaging bridge
[2017.11.12-14.36.22:101][  0]LogUdpMessaging: Initializing bridge on interface 0.0.0.0:0 to multicast group 230.0.0.1:6666.
[2017.11.12-14.36.22:582][  0]LogMaterial: Uniform references updated for custom material expression Custom.
[2017.11.12-14.36.22:973][  0]SourceControl: Info Source control is disabled
[2017.11.12-14.36.22:993][  0]SourceControl: Info Source control is disabled
[2017.11.12-14.36.23:034][  0]SourceControl: Info Source control is disabled
[2017.11.12-14.36.23:078][  0]SourceControl: Info Source control is disabled
[2017.11.12-14.36.23:731][  0]LogAndroidPermission: UAndroidPermissionCallbackProxy::GetInstance
[2017.11.12-14.36.24:322][  0]LogEngine: Initializing Engine...
[2017.11.12-14.36.24:322][  0]LogHMD: Failed to initialize OpenVR with code 110
[2017.11.12-14.36.24:537][  0]LogStats: UGameplayTagsManager::ConstructGameplayTagTree: Construct from data asset -  0.000 s
[2017.11.12-14.36.24:537][  0]LogStats: UGameplayTagsManager::ConstructGameplayTagTree: GameplayTagTreeChangedEvent.Broadcast -  0.000 s
[2017.11.12-14.36.24:670][  0]LogAIModule: Creating AISystem for world Untitled
[2017.11.12-14.36.24:679][  0]LogInit: XAudio2 using 'Speakers (6- Logitech G430 Gaming Headset)' : 2 channels at 48 kHz using 16 bits per sample (channel mask 0x3)
[2017.11.12-14.36.24:691][  0]LogInit: FAudioDevice initialized.
[2017.11.12-14.36.24:742][  0]LogDerivedDataCache: Saved boot cache 0.05s 90MB C:/Users/RicardoB/AppData/Local/UnrealEngine/4.16/DerivedDataCache/Boot.ddc.
[2017.11.12-14.36.24:753][  0]LogInit: Texture streaming: Enabled
[2017.11.12-14.36.24:849][  0]LogEngineSessionManager: EngineSessionManager initialized
[2017.11.12-14.36.25:052][  0]LogInit: Transaction tracking system initialized
[2017.11.12-14.36.25:351][  0]BlueprintLog: New page: Editor Load
[2017.11.12-14.36.26:190][  0]LocalizationService: Info Localization service is disabled
[2017.11.12-14.36.26:828][  0]LogConsoleResponse:Display: 
[2017.11.12-14.36.26:978][  0]LogCook:Display: Max memory allowance for cook 16384mb min free memory 0mb
[2017.11.12-14.36.26:978][  0]LogCook:Display: Mobile HDR setting 1
[2017.11.12-14.36.27:339][  0]LogFileCache: Scanning file cache for directory 'C:/UE4MajorProject/ue4-soldier/Content/' took 0.03s
[2017.11.12-14.36.27:915][  0]SourceControl: Info Source control is disabled
[2017.11.12-14.36.27:915][  0]Cmd: MAP LOAD FILE="../../../../UE4MajorProject/ue4-soldier/Content/ThirdPersonBP/Maps/ThirdPersonExampleMap.umap" TEMPLATE=0 SHOWPROGRESS=1 FEATURELEVEL=3
[2017.11.12-14.36.27:915][  0]LightingResults: New page: Lighting Build
[2017.11.12-14.36.27:951][  0]MapCheck: New page: Map Check
[2017.11.12-14.36.27:951][  0]LightingResults: New page: Lighting Build
[2017.11.12-14.36.29:374][  0]LogAIModule: Creating AISystem for world ThirdPersonExampleMap
[2017.11.12-14.36.29:392][  0]LogEditorServer: Finished looking for orphan Actors (0.000 secs)
[2017.11.12-14.36.29:413][  0]Cmd: MAP CHECKDEP NOCLEARLOG
[2017.11.12-14.36.29:474][  0]MapCheck: Info Map check complete: 0 Error(s), 0 Warning(s), took 60.541ms to complete.
[2017.11.12-14.36.29:474][  0]LogFileHelpers: Loading map 'ThirdPersonExampleMap' took 1.559
[2017.11.12-14.36.29:536][  0]LogWindowsTextInputMethodSystem:Display: IME system now deactivated.
[2017.11.12-14.36.29:623][  0]LogCollectionManager: Loaded 0 collections in 0.001330 seconds
[2017.11.12-14.36.29:701][  0]LogFileCache: Scanning file cache for directory 'C:/UE4MajorProject/ue4-soldier/Saved/Collections/' took 0.01s
[2017.11.12-14.36.29:701][  0]LogFileCache: Scanning file cache for directory 'C:/UE4MajorProject/ue4-soldier/Content/Developers/RicardoB/Collections/' took 0.01s
[2017.11.12-14.36.29:701][  0]LogFileCache: Scanning file cache for directory 'C:/UE4MajorProject/ue4-soldier/Content/Collections/' took 0.01s
[2017.11.12-14.36.29:701][  0]LogCollectionManager: Rebuilt the GUID cache for 0 collections in 0.000002 seconds
[2017.11.12-14.36.29:710][  0]LogContentBrowser: Native class hierarchy populated in 0.0093 seconds. Added 2329 classes and 491 folders.
[2017.11.12-14.36.29:769][  0]LogContentBrowser: Native class hierarchy updated for 'WidgetCarousel' in 0.0005 seconds. Added 0 classes and 0 folders.
[2017.11.12-14.36.29:802][  0]LogContentBrowser: Native class hierarchy updated for 'AddContentDialog' in 0.0005 seconds. Added 0 classes and 0 folders.
[2017.11.12-14.36.29:842][  0]LogContentBrowser: Native class hierarchy updated for 'SceneOutliner' in 0.0006 seconds. Added 1 classes and 2 folders.
[2017.11.12-14.36.29:883][  0]LogCrashTracker: Crashtracker disabled due to settings.
[2017.11.12-14.36.29:887][  0]LogSlate: Took 0.000148 seconds to synchronously load lazily loaded font '../../../Engine/Content/Slate/Fonts/Roboto-Regular.ttf' (155K)
[2017.11.12-14.36.29:889][  0]LogSlate: Took 0.000133 seconds to synchronously load lazily loaded font '../../../Engine/Content/Slate/Fonts/Roboto-Bold.ttf' (160K)
[2017.11.12-14.36.29:893][  0]LogSlate: Took 0.000174 seconds to synchronously load lazily loaded font '../../../Engine/Content/Editor/Slate/Fonts/FontAwesome.ttf' (139K)
[2017.11.12-14.36.29:996][  0]LogRenderer: Reallocating scene render targets to support 256x256 NumSamples 1 (Frame:1).
[2017.11.12-14.36.30:019][  0]LogRenderer: Reallocating scene render targets to support 1208x576 NumSamples 1 (Frame:1).
[2017.11.12-14.36.30:181][  0]LogUObjectGlobals:Warning: Failed to find object 'Class None.'
[2017.11.12-14.36.30:244][  0]LogContentBrowser: Native class hierarchy updated for 'HierarchicalLODOutliner' in 0.0008 seconds. Added 1 classes and 2 folders.
[2017.11.12-14.36.30:244][  0]LogLoad: (Engine Initialization) Total time: 17.51 seconds
[2017.11.12-14.36.30:244][  0]LogLoad: (Engine Initialization) Total Blueprint compile time: 0.36 seconds
[2017.11.12-14.36.30:244][  0]LogExternalProfiler: No external profilers were discovered.  External profiling features will not be available.
[2017.11.12-14.36.30:584][  0]LogOcInput: OculusInput pre-init called
[2017.11.12-14.36.30:584][  0]LogHMD: Starting GearVRController plugin
[2017.11.12-14.36.30:627][  0]LogContentStreaming: Texture pool size now 1000 MB
[2017.11.12-14.36.30:685][  0]LogSlate: Took 0.000195 seconds to synchronously load lazily loaded font '../../../Engine/Content/Slate/Fonts/Roboto-Light.ttf' (159K)
[2017.11.12-14.36.30:941][  1]LogAssetRegistry: Asset discovery search completed in 11.3694 seconds
[2017.11.12-14.36.30:943][  1]LogCollectionManager: Rebuilt the object cache for 0 collections in 0.000001 seconds (found 0 objects)
[2017.11.12-14.36.30:943][  1]LogCollectionManager: Fixed up redirectors for 0 collections in 0.000056 seconds (updated 0 objects)
[2017.11.12-14.36.32:916][  7]LogEditorViewport: Clicking on Actor (LMB): StaticMeshActor (Floor)
[2017.11.12-14.36.35:922][280]LogFileCache: Retrieving MD5 hashes for directory 'C:/UE4MajorProject/ue4-soldier/Content/' took 5.32s
[2017.11.12-14.38.04:486][985]LogTemp: Repeting last play command: Selected Viewport
[2017.11.12-14.38.04:617][985]LogBlueprintUserMessages: Early PlayInEditor Detection: Level '/Game/ThirdPersonBP/Maps/ThirdPersonExampleMap.ThirdPersonExampleMap:PersistentLevel' has LevelScriptBlueprint '/Game/ThirdPersonBP/Maps/ThirdPersonExampleMap.ThirdPersonExampleMap:PersistentLevel.ThirdPersonExampleMap' with GeneratedClass '/Game/ThirdPersonBP/Maps/ThirdPersonExampleMap.ThirdPersonExampleMap_C' with ClassGeneratedBy '/Game/ThirdPersonBP/Maps/ThirdPersonExampleMap.ThirdPersonExampleMap:PersistentLevel.ThirdPersonExampleMap'
[2017.11.12-14.38.04:617][985]LogPlayLevel: PlayLevel: No blueprints needed recompiling
[2017.11.12-14.38.04:620][985]PIE: New page: PIE session: ThirdPersonExampleMap (13 Nov 2017 12:38:04 pm)
[2017.11.12-14.38.04:620][985]LogPlayLevel: Creating play world package: /Game/ThirdPersonBP/Maps/UEDPIE_0_ThirdPersonExampleMap
[2017.11.12-14.38.04:651][985]LogPlayLevel: PIE: StaticDuplicateObject took: (0.030984s)
[2017.11.12-14.38.04:652][985]LogAIModule: Creating AISystem for world ThirdPersonExampleMap
[2017.11.12-14.38.04:652][985]LogPlayLevel: PIE: World Init took: (0.000937s)
[2017.11.12-14.38.04:652][985]LogPlayLevel: PIE: Created PIE world by copying editor world from /Game/ThirdPersonBP/Maps/ThirdPersonExampleMap.ThirdPersonExampleMap to /Game/ThirdPersonBP/Maps/UEDPIE_0_ThirdPersonExampleMap.ThirdPersonExampleMap (0.032254s)
[2017.11.12-14.38.04:673][985]LogInit: XAudio2 using 'Speakers (6- Logitech G430 Gaming Headset)' : 2 channels at 48 kHz using 16 bits per sample (channel mask 0x3)
[2017.11.12-14.38.04:683][985]LogInit: FAudioDevice initialized.
[2017.11.12-14.38.04:733][985]LogLoad: Game class is 'ThirdPersonGameMode_C'
[2017.11.12-14.38.04:739][985]LogWorld: Bringing World /Game/ThirdPersonBP/Maps/UEDPIE_0_ThirdPersonExampleMap.ThirdPersonExampleMap up for play (max tick rate 0) at 2017.11.13-01.38.04
[2017.11.12-14.38.04:744][985]LogWorld: Bringing up level for play took: 0.008599
[2017.11.12-14.38.04:786][985]LogContentBrowser: Native class hierarchy updated for 'MovieSceneCapture' in 0.0006 seconds. Added 11 classes and 0 folders.
[2017.11.12-14.38.04:794][985]PIE:Warning: Warning The widget 'WBCrosshair_C' was already added to the screen.
[2017.11.12-14.38.04:795][985]PIE: Info Play in editor start time for /Game/ThirdPersonBP/Maps/UEDPIE_0_ThirdPersonExampleMap -0.26
[2017.11.12-14.38.04:795][985]LogBlueprintUserMessages: Late PlayInEditor Detection: Level '/Game/ThirdPersonBP/Maps/ThirdPersonExampleMap.ThirdPersonExampleMap:PersistentLevel' has LevelScriptBlueprint '/Game/ThirdPersonBP/Maps/ThirdPersonExampleMap.ThirdPersonExampleMap:PersistentLevel.ThirdPersonExampleMap' with GeneratedClass '/Game/ThirdPersonBP/Maps/ThirdPersonExampleMap.ThirdPersonExampleMap_C' with ClassGeneratedBy '/Game/ThirdPersonBP/Maps/ThirdPersonExampleMap.ThirdPersonExampleMap:PersistentLevel.ThirdPersonExampleMap'
[2017.11.12-14.38.04:830][986]LogBlueprintUserMessages: [BP_SimpleAI_2] CAN
[2017.11.12-14.38.05:336][ 41]LogBlueprintUserMessages: [BP_SimpleAI_2] CAN
[2017.11.12-14.38.05:336][ 41]LogBlueprintUserMessages: [BP_SimpleAI_2] CANT
[2017.11.12-14.38.05:693][ 82]LogBlueprintUserMessages: [BP_SimpleAI_2] Hit
[2017.11.12-14.38.05:695][ 82]LogBlueprintUserMessages: [BP_SimpleAI_2] CANT
[2017.11.12-14.38.05:763][ 88]LogBlueprintUserMessages: [BP_SimpleAI_2] Hit
[2017.11.12-14.38.05:844][ 97]LogBlueprintUserMessages: [BP_SimpleAI_2] Hit
[2017.11.12-14.38.05:845][ 97]LogBlueprintUserMessages: [BP_SimpleAI_2] CAN
[2017.11.12-14.38.05:920][105]LogBlueprintUserMessages: [BP_SimpleAI_2] Hit
[2017.11.12-14.38.05:920][105]LogBlueprintUserMessages: [BP_SimpleAI_2] CANT
[2017.11.12-14.38.06:015][115]LogBlueprintUserMessages: [BP_SimpleAI_2] Hit
[2017.11.12-14.38.06:114][126]LogBlueprintUserMessages: [BP_SimpleAI_2] Hit
[2017.11.12-14.38.06:211][136]LogBlueprintUserMessages: [BP_SimpleAI_2] Hit
[2017.11.12-14.38.06:302][145]LogBlueprintUserMessages: [BP_SimpleAI_2] Hit
[2017.11.12-14.38.06:353][150]LogBlueprintUserMessages: [BP_SimpleAI_2] CAN
[2017.11.12-14.38.06:395][154]LogBlueprintUserMessages: [BP_SimpleAI_2] Hit
[2017.11.12-14.38.06:492][163]LogBlueprintUserMessages: [BP_SimpleAI_2] Hit
[2017.11.12-14.38.06:917][211]LogScript:Warning: Accessed None trying to read property K2Node_DynamicCast_AsThird_Person_Character2
	Weapon_Base_C /Game/ThirdPersonBP/Maps/UEDPIE_0_ThirdPersonExampleMap.ThirdPersonExampleMap:PersistentLevel.Weapon_Base_C_0
	Function /Game/ThirdPersonBP/Blueprints/Weapons/AK-47/Weapon_Base.Weapon_Base_C:Reload:01C0
[2017.11.12-14.38.06:917][211]PIE:Error: Error Blueprint Runtime Error: Accessed None trying to read property K2Node_DynamicCast_AsThird_Person_Character2 from function: 'Reload' from node: Return Node in graph: Reload in object: Weapon_Base with description: Accessed None trying to read property K2Node_DynamicCast_AsThird_Person_Character2
[2017.11.12-14.38.11:777][766]LogBlueprintUserMessages: [BP_SimpleAI2] Hit
[2017.11.12-14.38.11:862][776]LogBlueprintUserMessages: [BP_SimpleAI2] Hit
[2017.11.12-14.38.11:945][786]LogBlueprintUserMessages: [BP_SimpleAI2] Hit
[2017.11.12-14.38.12:783][883]LogBlueprintUserMessages: [BP_SimpleAI2] Hit
[2017.11.12-14.38.12:861][892]LogBlueprintUserMessages: [BP_SimpleAI2] Hit
[2017.11.12-14.38.12:945][902]LogBlueprintUserMessages: [BP_SimpleAI2] Hit
[2017.11.12-14.38.13:024][910]LogBlueprintUserMessages: [BP_SimpleAI2] Hit
[2017.11.12-14.38.13:101][919]LogBlueprintUserMessages: [BP_SimpleAI2] Hit
[2017.11.12-14.38.13:188][929]LogBlueprintUserMessages: [BP_SimpleAI2] Hit
[2017.11.12-14.38.13:271][937]LogBlueprintUserMessages: [BP_SimpleAI2] Hit
[2017.11.12-14.38.13:757][992]LogScript:Warning: Accessed None trying to read property K2Node_DynamicCast_AsThird_Person_Character2
	Weapon_Base_C /Game/ThirdPersonBP/Maps/UEDPIE_0_ThirdPersonExampleMap.ThirdPersonExampleMap:PersistentLevel.Weapon_Base_C_0
	Function /Game/ThirdPersonBP/Blueprints/Weapons/AK-47/Weapon_Base.Weapon_Base_C:Reload:01C0
[2017.11.12-14.38.13:757][992]PIE:Error: Error Blueprint Runtime Error: Accessed None trying to read property K2Node_DynamicCast_AsThird_Person_Character2 from function: 'Reload' from node: Return Node in graph: Reload in object: Weapon_Base with description: Accessed None trying to read property K2Node_DynamicCast_AsThird_Person_Character2
[2017.11.12-14.38.24:358][227]LogScript:Warning: Accessed None trying to read property K2Node_DynamicCast_AsThird_Person_Character2
	Weapon_Base_C /Game/ThirdPersonBP/Maps/UEDPIE_0_ThirdPersonExampleMap.ThirdPersonExampleMap:PersistentLevel.Weapon_Base_C_0
	Function /Game/ThirdPersonBP/Blueprints/Weapons/AK-47/Weapon_Base.Weapon_Base_C:Reload:01C0
[2017.11.12-14.38.24:359][227]PIE:Error: Error Blueprint Runtime Error: Accessed None trying to read property K2Node_DynamicCast_AsThird_Person_Character2 from function: 'Reload' from node: Return Node in graph: Reload in object: Weapon_Base with description: Accessed None trying to read property K2Node_DynamicCast_AsThird_Person_Character2
[2017.11.12-14.38.39:908][ 21]LogBlueprintUserMessages: Early EndPlayMap Detection: Level '/Game/ThirdPersonBP/Maps/ThirdPersonExampleMap.ThirdPersonExampleMap:PersistentLevel' has LevelScriptBlueprint '/Game/ThirdPersonBP/Maps/ThirdPersonExampleMap.ThirdPersonExampleMap:PersistentLevel.ThirdPersonExampleMap' with GeneratedClass '/Game/ThirdPersonBP/Maps/ThirdPersonExampleMap.ThirdPersonExampleMap_C' with ClassGeneratedBy '/Game/ThirdPersonBP/Maps/ThirdPersonExampleMap.ThirdPersonExampleMap:PersistentLevel.ThirdPersonExampleMap'
[2017.11.12-14.38.39:958][ 21]LogBlueprintUserMessages: Late EndPlayMap Detection: Level '/Game/ThirdPersonBP/Maps/ThirdPersonExampleMap.ThirdPersonExampleMap:PersistentLevel' has LevelScriptBlueprint '/Game/ThirdPersonBP/Maps/ThirdPersonExampleMap.ThirdPersonExampleMap:PersistentLevel.ThirdPersonExampleMap' with GeneratedClass '/Game/ThirdPersonBP/Maps/ThirdPersonExampleMap.ThirdPersonExampleMap_C' with ClassGeneratedBy '/Game/ThirdPersonBP/Maps/ThirdPersonExampleMap.ThirdPersonExampleMap:PersistentLevel.ThirdPersonExampleMap'
