Log file open, 10/22/17 23:04:48
LogInit:Display: Running engine for game: Soldier
LogPlatformFile: Not using cached read wrapper
LogInit:Display: RandInit(781564063) SRandInit(781564063).
LogTaskGraph: Started task graph with 5 named threads and 8 total threads with 1 sets of task threads.
LogStats: Stats thread started at 0.090965
LogInit: Using libcurl 7.47.1
LogInit:  - built for x86_64-pc-win32
LogInit:  - supports SSL with OpenSSL/1.0.2g
LogInit:  - supports HTTP deflate (compression) using libz 1.2.8
LogInit:  - other features:
LogInit:      CURL_VERSION_SSL
LogInit:      CURL_VERSION_LIBZ
LogInit:      CURL_VERSION_IPV6
LogInit:      CURL_VERSION_ASYNCHDNS
LogInit:      CURL_VERSION_LARGEFILE
LogInit:      CURL_VERSION_IDN
LogInit:  CurlRequestOptions (configurable via config and command line):
LogInit:  - bVerifyPeer = false  - Libcurl will NOT verify peer certificate
LogInit:  - bUseHttpProxy = false  - Libcurl will NOT use HTTP proxy
LogInit:  - bDontReuseConnections = false  - Libcurl will reuse connections
LogInit:  - CertBundlePath = nullptr  - Libcurl will use whatever was configured at build time.
LogInit: Build: ++UE4+Release-4.16-CL-3561208
LogInit: Engine Version: 4.16.3-3561208+++UE4+Release-4.16
LogInit: Compatible Engine Version: 4.16.0-3452394+++UE4+Release-4.16
LogInit: Net CL: 3452394
LogDevObjectVersion: Number of dev versions registered: 16
LogDevObjectVersion:   Dev-Blueprints (B0D832E4-1F89-4F0D-ACCF-7EB736FD4AA2): 9
LogDevObjectVersion:   Dev-Build (E1C64328-A22C-4D53-A36C-8E866417BD8C): 0
LogDevObjectVersion:   Dev-Core (375EC13C-06E4-48FB-B500-84F0262A717E): 2
LogDevObjectVersion:   Dev-Editor (E4B068ED-F494-42E9-A231-DA0B2E46BB41): 17
LogDevObjectVersion:   Dev-Framework (CFFC743F-43B0-4480-9391-14DF171D2073): 23
LogDevObjectVersion:   Dev-Mobile (B02B49B5-BB20-44E9-A304-32B752E40360): 0
LogDevObjectVersion:   Dev-Networking (A4E4105C-59A1-49B5-A7C5-40C4547EDFEE): 0
LogDevObjectVersion:   Dev-Online (39C831C9-5AE6-47DC-9A44-9C173E1C8E7C): 0
LogDevObjectVersion:   Dev-Physics (78F01B33-EBEA-4F98-B9B4-84EACCB95AA2): 0
LogDevObjectVersion:   Dev-Platform (6631380F-2D4D-43E0-8009-CF276956A95A): 0
LogDevObjectVersion:   Dev-Rendering (12F88B9F-8875-4AFC-A67C-D90C383ABD29): 15
LogDevObjectVersion:   Dev-Sequencer (7B5AE74C-D270-4C10-A958-57980B212A5A): 4
LogDevObjectVersion:   Dev-VR (D7296918-1DD6-4BDD-9DE2-64A83CC13884): 0
LogDevObjectVersion:   Dev-LoadTimes (C2A15278-BFE7-4AFE-6C17-90FF531DF755): 1
LogDevObjectVersion:   Private-Geometry (6EACA3D4-40EC-4CC1-B786-8BED09428FC5): 1
LogDevObjectVersion:   Dev-AnimPhys (29E575DD-E0A3-4627-9D10-D276232CDCEA): 3
LogInit: Compiled (64-bit): Jul 28 2017 11:49:47
LogInit: Compiled with Visual C++: 19.00.24215.01
LogInit: Build Configuration: Development
LogInit: Branch Name: ++UE4+Release-4.16
LogInit: Command line:  
LogInit: Base directory: C:/UE_4.16/Engine/Binaries/Win64/
LogInit: Installed Engine Build: 1
LogInit: Presizing for max 8388607 objects, including 0 objects not considered by GC, pre-allocating 0 bytes for permanent pool.
LogInit: Object subsystem initialized
[2017.10.22-12.04.49:137][  0]LogInit: Selected Device Profile: [Windows]
[2017.10.22-12.04.49:137][  0]LogInit: Applying CVar settings loaded from the selected device profile: [Windows]
[2017.10.22-12.04.49:151][  0]LogInit: Computer: RICARDOPC
[2017.10.22-12.04.49:151][  0]LogInit: User: RicardoB
[2017.10.22-12.04.49:151][  0]LogInit: CPU Page size=4096, Cores=4
[2017.10.22-12.04.49:151][  0]LogInit: High frequency timer resolution =3.410235 MHz
[2017.10.22-12.04.49:151][  0]LogMemory: Memory total: Physical=15.9GB (16GB approx)
[2017.10.22-12.04.49:151][  0]LogMemory: Platform Memory Stats for Windows
[2017.10.22-12.04.49:151][  0]LogMemory: Process Physical Memory: 271.72 MB used, 271.72 MB peak
[2017.10.22-12.04.49:151][  0]LogMemory: Process Virtual Memory: 260.61 MB used, 260.61 MB peak
[2017.10.22-12.04.49:151][  0]LogMemory: Physical Memory: 8503.81 MB used,  7818.32 MB free, 16322.13 MB total
[2017.10.22-12.04.49:151][  0]LogMemory: Virtual Memory: 617.14 MB used,  7818.32 MB free, 134217728.00 MB total
[2017.10.22-12.04.49:220][  0]LogInit: Using OS detected language (en-GB).
[2017.10.22-12.04.49:220][  0]LogInit: Using OS detected locale (en-AU).
[2017.10.22-12.04.49:223][  0]LogTextLocalizationManager: No specific localization for 'en-GB' exists, so the 'en' localization will be used.
[2017.10.22-12.04.50:168][  0]LogD3D11RHI: D3D11 adapters:
[2017.10.22-12.04.50:191][  0]LogD3D11RHI:    0. 'NVIDIA GeForce GTX 1060 3GB' (Feature Level 11_0)
[2017.10.22-12.04.50:191][  0]LogD3D11RHI:       2939/0/8161 MB DedicatedVideo/DedicatedSystem/SharedSystem, Outputs:2, VendorId:0x10de
[2017.10.22-12.04.50:192][  0]LogD3D11RHI:    1. 'Microsoft Basic Render Driver' (Feature Level 11_0)
[2017.10.22-12.04.50:192][  0]LogD3D11RHI:       0/0/256 MB DedicatedVideo/DedicatedSystem/SharedSystem, Outputs:0, VendorId:0x1414
[2017.10.22-12.04.50:192][  0]LogD3D11RHI: Chosen D3D11 Adapter: 0
[2017.10.22-12.04.50:195][  0]LogD3D11RHI: Creating new Direct3DDevice
[2017.10.22-12.04.50:195][  0]LogD3D11RHI:     GPU DeviceId: 0x1c02 (for the marketing name, search the web for "GPU Device Id")
[2017.10.22-12.04.50:195][  0]LogWindows: EnumDisplayDevices:
[2017.10.22-12.04.50:195][  0]LogWindows:    0. 'NVIDIA GeForce GTX 1060 3GB' (P:1 D:1)
[2017.10.22-12.04.50:195][  0]LogWindows:    1. 'NVIDIA GeForce GTX 1060 3GB' (P:0 D:1)
[2017.10.22-12.04.50:195][  0]LogWindows:    2. 'NVIDIA GeForce GTX 1060 3GB' (P:0 D:0)
[2017.10.22-12.04.50:195][  0]LogWindows:    3. 'NVIDIA GeForce GTX 1060 3GB' (P:0 D:0)
[2017.10.22-12.04.50:195][  0]LogWindows: DebugString: FoundDriverCount:4 
[2017.10.22-12.04.50:195][  0]LogD3D11RHI:     Adapter Name: NVIDIA GeForce GTX 1060 3GB
[2017.10.22-12.04.50:195][  0]LogD3D11RHI:   Driver Version: 384.94 (internal:22.21.13.8494, unified:384.94)
[2017.10.22-12.04.50:195][  0]LogD3D11RHI:      Driver Date: 7-18-2017
[2017.10.22-12.04.50:195][  0]LogRHI: Texture pool is 1361 MB (70% of 1945 MB)
[2017.10.22-12.04.50:210][  0]LogD3D11RHI: Async texture creation enabled
[2017.10.22-12.04.50:229][  0]LogD3D11RHI: GPU Timing Frequency: 1000.000000 (Debug: 2 2)
[2017.10.22-12.04.50:328][  0]LogShaderCompilers: Guid format shader working directory is 10 characters bigger than the processId version (../../../../UE4MajorProject/ue4-soldier/Intermediate/Shaders/WorkingDirectory/8204/).
[2017.10.22-12.04.50:328][  0]LogShaderCompilers: Cleaned the shader compiler working directory 'C:/Users/RicardoB/AppData/Local/Temp/UnrealShaderWorkingDir/9B2F5CD94B33C14D48F181870219B499/'.
[2017.10.22-12.04.50:328][  0]LogShaderCompilers:Display: Using Local Shader Compiler.
[2017.10.22-12.04.51:462][  0]LogTemp:Display: Loaded TP AllDesktopTargetPlatform
[2017.10.22-12.04.51:518][  0]LogTemp:Display: Loaded TP MacClientTargetPlatform
[2017.10.22-12.04.51:576][  0]LogTemp:Display: Loaded TP MacNoEditorTargetPlatform
[2017.10.22-12.04.51:631][  0]LogTemp:Display: Loaded TP MacServerTargetPlatform
[2017.10.22-12.04.51:688][  0]LogTemp:Display: Loaded TP MacTargetPlatform
[2017.10.22-12.04.51:744][  0]LogTemp:Display: Loaded TP WindowsClientTargetPlatform
[2017.10.22-12.04.51:803][  0]LogTemp:Display: Loaded TP WindowsNoEditorTargetPlatform
[2017.10.22-12.04.51:863][  0]LogTemp:Display: Loaded TP WindowsServerTargetPlatform
[2017.10.22-12.04.51:908][  0]LogTemp:Display: Loaded TP WindowsTargetPlatform
[2017.10.22-12.04.51:960][  0]LogTemp:Display: Loaded TP AndroidTargetPlatform
[2017.10.22-12.04.52:018][  0]LogTemp:Display: Loaded TP Android_ASTCTargetPlatform
[2017.10.22-12.04.52:074][  0]LogTemp:Display: Loaded TP Android_ATCTargetPlatform
[2017.10.22-12.04.52:126][  0]LogTemp:Display: Loaded TP Android_DXTTargetPlatform
[2017.10.22-12.04.52:177][  0]LogTemp:Display: Loaded TP Android_ETC1TargetPlatform
[2017.10.22-12.04.52:238][  0]LogTemp:Display: Loaded TP Android_ETC2TargetPlatform
[2017.10.22-12.04.52:355][  0]LogTemp:Display: Loaded TP Android_MultiTargetPlatform
[2017.10.22-12.04.52:355][  0]LogTemp:Display: Loaded TP Android_PVRTCTargetPlatform
[2017.10.22-12.04.52:397][  0]LogTemp:Display: Loaded TP HTML5TargetPlatform
[2017.10.22-12.04.52:489][  0]LogTemp:Display: Loaded TP IOSTargetPlatform
[2017.10.22-12.04.52:521][  0]LogTemp:Display: Loaded TP TVOSTargetPlatform
[2017.10.22-12.04.52:571][  0]LogTemp:Display: Loaded TP LinuxClientTargetPlatform
[2017.10.22-12.04.52:620][  0]LogTemp:Display: Loaded TP LinuxNoEditorTargetPlatform
[2017.10.22-12.04.52:667][  0]LogTemp:Display: Loaded TP LinuxServerTargetPlatform
[2017.10.22-12.04.52:720][  0]LogTemp:Display: Loaded TP LinuxTargetPlatform
[2017.10.22-12.04.52:720][  0]LogTargetPlatformManager:Display: Building Assets For Windows
[2017.10.22-12.04.53:265][  0]LogDerivedDataCache:Display: Max Cache Size: 512 MB
[2017.10.22-12.04.53:368][  0]LogDerivedDataCache: Loaded boot cache 0.10s 90MB C:/Users/RicardoB/AppData/Local/UnrealEngine/4.16/DerivedDataCache/Boot.ddc.
[2017.10.22-12.04.53:368][  0]LogDerivedDataCache:Display: Loaded Boot cache: C:/Users/RicardoB/AppData/Local/UnrealEngine/4.16/DerivedDataCache/Boot.ddc
[2017.10.22-12.04.53:369][  0]LogDerivedDataCache: FDerivedDataBackendGraph:  Pak pak cache file ../../../../UE4MajorProject/ue4-soldier/DerivedDataCache/DDC.ddp not found, will not use a pak cache.
[2017.10.22-12.04.53:369][  0]LogDerivedDataCache: Unable to find inner node Pak for hierarchical cache Hierarchy.
[2017.10.22-12.04.53:369][  0]LogDerivedDataCache: FDerivedDataBackendGraph:  CompressedPak pak cache file ../../../../UE4MajorProject/ue4-soldier/DerivedDataCache/Compressed.ddp not found, will not use a pak cache.
[2017.10.22-12.04.53:369][  0]LogDerivedDataCache: Unable to find inner node CompressedPak for hierarchical cache Hierarchy.
[2017.10.22-12.04.53:387][  0]LogDerivedDataCache:Display: Pak cache opened for reading ../../../Engine/DerivedDataCache/Compressed.ddp.
[2017.10.22-12.04.53:399][  0]LogDerivedDataCache: Using Local data cache path C:/Users/RicardoB/AppData/Local/UnrealEngine/Common/DerivedDataCache: Writable
[2017.10.22-12.04.53:413][  0]LogMaterial: Verifying Global Shaders for PCD3D_SM5
[2017.10.22-12.04.53:414][  0]LogSlate: Using Freetype 2.6.0
[2017.10.22-12.04.53:414][  0]LogSlate: SlateFontCache - WITH_FREETYPE: 1, WITH_HARFBUZZ: 1
[2017.10.22-12.04.53:414][  0]LogSlate: SlateFontCache - WITH_FREETYPE: 1, WITH_HARFBUZZ: 1
[2017.10.22-12.04.53:884][  0]LogInit: Selected Device Profile: [Windows]
[2017.10.22-12.04.53:992][  0]LogContentStreaming: Texture pool size is 0.00 MB
[2017.10.22-12.04.54:190][  0]LogMeshUtilities: Using QuadricMeshReduction for automatic static mesh reduction
[2017.10.22-12.04.54:233][  0]LogSimplygon: Simplygon DLL not present - disabling.
[2017.10.22-12.04.54:285][  0]LogMeshUtilities: Using SimplygonSwarm for distributed automatic mesh merging
[2017.10.22-12.04.54:285][  0]LogMeshUtilities: No automatic skeletal mesh reduction module available
[2017.10.22-12.04.54:285][  0]LogMeshUtilities: No automatic mesh merging module available
[2017.10.22-12.04.54:958][  0]LogNetVersion: Soldier , NetCL: 3452394, EngineNetVer: 2, GameNetVer: 0 (Checksum: 372283363)
[2017.10.22-12.04.55:036][  0]LogAssetRegistry: FAssetRegistry took 0.0289 seconds to start up
[2017.10.22-12.04.55:097][  0]LogPackageLocalizationCache: Processed 4 localized package path(s) for 2 prioritized culture(s) in 0.036289 seconds
[2017.10.22-12.04.55:103][  0]LogUObjectArray: 34194 objects as part of root set at end of initial load.
[2017.10.22-12.04.55:103][  0]LogUObjectAllocator: 7260424 out of 0 bytes used by permanent object pool.
[2017.10.22-12.04.55:103][  0]LogUObjectArray: CloseDisregardForGC: 0/0 objects in disregard for GC pool
[2017.10.22-12.04.55:187][  0]LogInit: WinSock: version 1.1 (2.2), MaxSocks=32767, MaxUdp=65467
[2017.10.22-12.04.57:840][  0]LogTcpMessaging: Initializing TcpMessaging bridge
[2017.10.22-12.04.57:877][  0]LogUdpMessaging: Initializing bridge on interface 0.0.0.0:0 to multicast group 230.0.0.1:6666.
[2017.10.22-12.04.58:381][  0]LogMaterial: Uniform references updated for custom material expression Custom.
[2017.10.22-12.04.58:781][  0]SourceControl: Info Source control is disabled
[2017.10.22-12.04.58:800][  0]SourceControl: Info Source control is disabled
[2017.10.22-12.04.58:848][  0]SourceControl: Info Source control is disabled
[2017.10.22-12.04.58:892][  0]SourceControl: Info Source control is disabled
[2017.10.22-12.04.59:552][  0]LogAndroidPermission: UAndroidPermissionCallbackProxy::GetInstance
[2017.10.22-12.05.00:108][  0]LogEngine: Initializing Engine...
[2017.10.22-12.05.00:108][  0]LogHMD: Failed to initialize OpenVR with code 110
[2017.10.22-12.05.00:310][  0]LogStats: UGameplayTagsManager::ConstructGameplayTagTree: Construct from data asset -  0.000 s
[2017.10.22-12.05.00:310][  0]LogStats: UGameplayTagsManager::ConstructGameplayTagTree: GameplayTagTreeChangedEvent.Broadcast -  0.000 s
[2017.10.22-12.05.00:430][  0]LogAIModule: Creating AISystem for world Untitled
[2017.10.22-12.05.00:444][  0]LogInit: XAudio2 using 'Speakers (Logitech G430 Gaming Headset)' : 6 channels at 48 kHz using 16 bits per sample (channel mask 0x3f)
[2017.10.22-12.05.00:455][  0]LogInit: FAudioDevice initialized.
[2017.10.22-12.05.00:506][  0]LogDerivedDataCache: Saved boot cache 0.05s 90MB C:/Users/RicardoB/AppData/Local/UnrealEngine/4.16/DerivedDataCache/Boot.ddc.
[2017.10.22-12.05.00:516][  0]LogInit: Texture streaming: Enabled
[2017.10.22-12.05.00:619][  0]LogEngineSessionManager: EngineSessionManager initialized
[2017.10.22-12.05.00:831][  0]LogInit: Transaction tracking system initialized
[2017.10.22-12.05.01:122][  0]BlueprintLog: New page: Editor Load
[2017.10.22-12.05.01:998][  0]LocalizationService: Info Localization service is disabled
[2017.10.22-12.05.02:629][  0]LogConsoleResponse:Display: 
[2017.10.22-12.05.02:776][  0]LogCook:Display: Max memory allowance for cook 16384mb min free memory 0mb
[2017.10.22-12.05.02:776][  0]LogCook:Display: Mobile HDR setting 1
[2017.10.22-12.05.03:146][  0]LogFileCache: Scanning file cache for directory 'C:/UE4MajorProject/ue4-soldier/Content/' took 0.02s
[2017.10.22-12.05.03:720][  0]SourceControl: Info Source control is disabled
[2017.10.22-12.05.03:720][  0]Cmd: MAP LOAD FILE="../../../../UE4MajorProject/ue4-soldier/Content/ThirdPersonBP/Maps/ThirdPersonExampleMap.umap" TEMPLATE=0 SHOWPROGRESS=1 FEATURELEVEL=3
[2017.10.22-12.05.03:721][  0]LightingResults: New page: Lighting Build
[2017.10.22-12.05.03:760][  0]MapCheck: New page: Map Check
[2017.10.22-12.05.03:760][  0]LightingResults: New page: Lighting Build
[2017.10.22-12.05.04:440][  0]LogAIModule: Creating AISystem for world ThirdPersonExampleMap
[2017.10.22-12.05.04:451][  0]LogEditorServer: Finished looking for orphan Actors (0.000 secs)
[2017.10.22-12.05.04:468][  0]Cmd: MAP CHECKDEP NOCLEARLOG
[2017.10.22-12.05.04:530][  0]MapCheck: Info Map check complete: 0 Error(s), 0 Warning(s), took 61.905ms to complete.
[2017.10.22-12.05.04:530][  0]LogFileHelpers: Loading map 'ThirdPersonExampleMap' took 0.810
[2017.10.22-12.05.04:675][  0]LogCollectionManager: Loaded 0 collections in 0.001450 seconds
[2017.10.22-12.05.04:755][  0]LogFileCache: Scanning file cache for directory 'C:/UE4MajorProject/ue4-soldier/Saved/Collections/' took 0.01s
[2017.10.22-12.05.04:755][  0]LogFileCache: Scanning file cache for directory 'C:/UE4MajorProject/ue4-soldier/Content/Developers/RicardoB/Collections/' took 0.01s
[2017.10.22-12.05.04:755][  0]LogFileCache: Scanning file cache for directory 'C:/UE4MajorProject/ue4-soldier/Content/Collections/' took 0.01s
[2017.10.22-12.05.04:755][  0]LogCollectionManager: Rebuilt the GUID cache for 0 collections in 0.000002 seconds
[2017.10.22-12.05.04:766][  0]LogContentBrowser: Native class hierarchy populated in 0.0103 seconds. Added 2329 classes and 491 folders.
[2017.10.22-12.05.04:830][  0]LogContentBrowser: Native class hierarchy updated for 'WidgetCarousel' in 0.0005 seconds. Added 0 classes and 0 folders.
[2017.10.22-12.05.04:870][  0]LogContentBrowser: Native class hierarchy updated for 'AddContentDialog' in 0.0005 seconds. Added 0 classes and 0 folders.
[2017.10.22-12.05.04:910][  0]LogContentBrowser: Native class hierarchy updated for 'SceneOutliner' in 0.0006 seconds. Added 1 classes and 2 folders.
[2017.10.22-12.05.04:949][  0]LogCrashTracker: Crashtracker disabled due to settings.
[2017.10.22-12.05.04:954][  0]LogSlate: Took 0.000268 seconds to synchronously load lazily loaded font '../../../Engine/Content/Slate/Fonts/Roboto-Regular.ttf' (155K)
[2017.10.22-12.05.04:957][  0]LogSlate: Took 0.000183 seconds to synchronously load lazily loaded font '../../../Engine/Content/Slate/Fonts/Roboto-Bold.ttf' (160K)
[2017.10.22-12.05.04:961][  0]LogSlate: Took 0.000225 seconds to synchronously load lazily loaded font '../../../Engine/Content/Editor/Slate/Fonts/FontAwesome.ttf' (139K)
[2017.10.22-12.05.05:064][  0]LogRenderer: Reallocating scene render targets to support 1208x576 NumSamples 1 (Frame:1).
[2017.10.22-12.05.05:181][  0]LogUObjectGlobals:Warning: Failed to find object 'Class None.'
[2017.10.22-12.05.05:242][  0]LogContentBrowser: Native class hierarchy updated for 'HierarchicalLODOutliner' in 0.0006 seconds. Added 1 classes and 2 folders.
[2017.10.22-12.05.05:242][  0]LogLoad: (Engine Initialization) Total time: 17.57 seconds
[2017.10.22-12.05.05:242][  0]LogLoad: (Engine Initialization) Total Blueprint compile time: 0.24 seconds
[2017.10.22-12.05.05:242][  0]LogExternalProfiler: No external profilers were discovered.  External profiling features will not be available.
[2017.10.22-12.05.05:582][  0]LogOcInput: OculusInput pre-init called
[2017.10.22-12.05.05:582][  0]LogHMD: Starting GearVRController plugin
[2017.10.22-12.05.05:602][  0]LogContentStreaming: Texture pool size now 1000 MB
[2017.10.22-12.05.05:653][  0]LogSlate: Took 0.000231 seconds to synchronously load lazily loaded font '../../../Engine/Content/Slate/Fonts/Roboto-Light.ttf' (159K)
[2017.10.22-12.05.05:928][  1]LogAssetRegistry: Asset discovery search completed in 10.9155 seconds
[2017.10.22-12.05.05:931][  1]LogCollectionManager: Rebuilt the object cache for 0 collections in 0.000001 seconds (found 0 objects)
[2017.10.22-12.05.05:931][  1]LogCollectionManager: Fixed up redirectors for 0 collections in 0.000045 seconds (updated 0 objects)
[2017.10.22-12.05.06:585][  3]LogSlate: Took 0.000243 seconds to synchronously load lazily loaded font '../../../Engine/Content/Slate/Fonts/Roboto-Light.ttf' (159K)
[2017.10.22-12.05.59:938][211]LogSlate: Took 0.000139 seconds to synchronously load lazily loaded font '../../../Engine/Content/Slate/Fonts/Roboto-Light.ttf' (159K)
[2017.10.22-12.06.00:368][211]LogContentBrowser: Native class hierarchy updated for 'BlueprintGraph' in 0.0010 seconds. Added 112 classes and 0 folders.
[2017.10.22-12.06.01:069][211]LogSlate: Took 0.000143 seconds to synchronously load lazily loaded font '../../../Engine/Content/Slate/Fonts/Roboto-Regular.ttf' (155K)
[2017.10.22-12.06.01:133][211]LogSlate: Took 0.000251 seconds to synchronously load lazily loaded font '../../../Engine/Content/Editor/Slate/Fonts/Roboto-BoldCondensed.ttf' (158K)
[2017.10.22-12.06.01:338][212]LogSlate: Took 0.000244 seconds to synchronously load lazily loaded font '../../../Engine/Content/Editor/Slate/Fonts/Roboto-Italic.ttf' (157K)
[2017.10.22-12.06.08:502][957]LogContentBrowser: Native class hierarchy updated for 'SkeletonEditor' in 0.0006 seconds. Added 1 classes and 2 folders.
[2017.10.22-12.06.08:623][957]LogActorComponent: RegisterComponentWithWorld: (/Engine/Transient.World_7:PersistentLevel.Actor_0.DebugSkelMeshComponent_0) Already registered. Aborting.
[2017.10.22-12.06.08:668][957]LogSkeletalMesh: USkeletalMeshComponent::InitArticulated : Bodies already created (/Engine/Transient.World_7:PersistentLevel.Actor_0.DebugSkelMeshComponent_0) - call TermArticulated first.
[2017.10.22-12.06.08:972][957]LogContentBrowser: Native class hierarchy updated for 'ClothingSystemEditorInterface' in 0.0005 seconds. Added 1 classes and 0 folders.
[2017.10.22-12.06.08:979][957]LogRenderer: Reallocating scene render targets to support 1208x888 NumSamples 1 (Frame:1).
[2017.10.22-12.06.10:540][ 68]LogActorComponent: RegisterComponentWithWorld: (/Engine/Transient.World_9:PersistentLevel.Actor_1.DebugSkelMeshComponent_1) Already registered. Aborting.
[2017.10.22-12.06.10:570][ 68]LogSkeletalMesh: USkeletalMeshComponent::InitArticulated : Bodies already created (/Engine/Transient.World_9:PersistentLevel.Actor_1.DebugSkelMeshComponent_1) - call TermArticulated first.
[2017.10.22-12.06.12:822][214]LogActorComponent: RegisterComponentWithWorld: (/Engine/Transient.World_10:PersistentLevel.Actor_2.DebugSkelMeshComponent_2) Already registered. Aborting.
[2017.10.22-12.06.12:852][214]LogSkeletalMesh: USkeletalMeshComponent::InitArticulated : Bodies already created (/Engine/Transient.World_10:PersistentLevel.Actor_2.DebugSkelMeshComponent_2) - call TermArticulated first.
[2017.10.22-12.06.13:176][214]LogContentBrowser:Verbose: The majority of assets in the view are of type: AnimSequence
[2017.10.22-12.08.49:502][165]LogTemp: Repeting last play command: Selected Viewport
[2017.10.22-12.08.49:559][165]LogBlueprintUserMessages: Early PlayInEditor Detection: Level '/Game/ThirdPersonBP/Maps/ThirdPersonExampleMap.ThirdPersonExampleMap:PersistentLevel' has LevelScriptBlueprint '/Game/ThirdPersonBP/Maps/ThirdPersonExampleMap.ThirdPersonExampleMap:PersistentLevel.ThirdPersonExampleMap' with GeneratedClass '/Game/ThirdPersonBP/Maps/ThirdPersonExampleMap.ThirdPersonExampleMap_C' with ClassGeneratedBy '/Game/ThirdPersonBP/Maps/ThirdPersonExampleMap.ThirdPersonExampleMap:PersistentLevel.ThirdPersonExampleMap'
[2017.10.22-12.08.49:559][165]LogPlayLevel: PlayLevel: No blueprints needed recompiling
[2017.10.22-12.08.49:560][165]PIE: New page: PIE session: ThirdPersonExampleMap (23 Oct 2017 10:08:49 am)
[2017.10.22-12.08.49:560][165]LogPlayLevel: Creating play world package: /Game/ThirdPersonBP/Maps/UEDPIE_0_ThirdPersonExampleMap
[2017.10.22-12.08.49:597][165]LogPlayLevel: PIE: StaticDuplicateObject took: (0.037128s)
[2017.10.22-12.08.49:598][165]LogAIModule: Creating AISystem for world ThirdPersonExampleMap
[2017.10.22-12.08.49:599][165]LogPlayLevel: PIE: World Init took: (0.001768s)
[2017.10.22-12.08.49:600][165]LogPlayLevel: PIE: Created PIE world by copying editor world from /Game/ThirdPersonBP/Maps/ThirdPersonExampleMap.ThirdPersonExampleMap to /Game/ThirdPersonBP/Maps/UEDPIE_0_ThirdPersonExampleMap.ThirdPersonExampleMap (0.039730s)
[2017.10.22-12.08.49:649][165]LogInit: XAudio2 using 'Speakers (Logitech G430 Gaming Headset)' : 6 channels at 48 kHz using 16 bits per sample (channel mask 0x3f)
[2017.10.22-12.08.49:660][165]LogInit: FAudioDevice initialized.
[2017.10.22-12.08.49:719][165]LogLoad: Game class is 'ThirdPersonGameMode_C'
[2017.10.22-12.08.49:724][165]LogWorld: Bringing World /Game/ThirdPersonBP/Maps/UEDPIE_0_ThirdPersonExampleMap.ThirdPersonExampleMap up for play (max tick rate 0) at 2017.10.22-23.08.49
[2017.10.22-12.08.49:724][165]LogWorld: Bringing up level for play took: 0.003618
[2017.10.22-12.08.49:770][165]LogContentBrowser: Native class hierarchy updated for 'MovieSceneCapture' in 0.0009 seconds. Added 11 classes and 0 folders.
[2017.10.22-12.08.49:773][165]PIE: Info Play in editor start time for /Game/ThirdPersonBP/Maps/UEDPIE_0_ThirdPersonExampleMap -0.012
[2017.10.22-12.08.49:774][165]LogBlueprintUserMessages: Late PlayInEditor Detection: Level '/Game/ThirdPersonBP/Maps/ThirdPersonExampleMap.ThirdPersonExampleMap:PersistentLevel' has LevelScriptBlueprint '/Game/ThirdPersonBP/Maps/ThirdPersonExampleMap.ThirdPersonExampleMap:PersistentLevel.ThirdPersonExampleMap' with GeneratedClass '/Game/ThirdPersonBP/Maps/ThirdPersonExampleMap.ThirdPersonExampleMap_C' with ClassGeneratedBy '/Game/ThirdPersonBP/Maps/ThirdPersonExampleMap.ThirdPersonExampleMap:PersistentLevel.ThirdPersonExampleMap'
[2017.10.22-12.09.42:289][439]LogBlueprintUserMessages: Early EndPlayMap Detection: Level '/Game/ThirdPersonBP/Maps/ThirdPersonExampleMap.ThirdPersonExampleMap:PersistentLevel' has LevelScriptBlueprint '/Game/ThirdPersonBP/Maps/ThirdPersonExampleMap.ThirdPersonExampleMap:PersistentLevel.ThirdPersonExampleMap' with GeneratedClass '/Game/ThirdPersonBP/Maps/ThirdPersonExampleMap.ThirdPersonExampleMap_C' with ClassGeneratedBy '/Game/ThirdPersonBP/Maps/ThirdPersonExampleMap.ThirdPersonExampleMap:PersistentLevel.ThirdPersonExampleMap'
[2017.10.22-12.09.42:379][439]LogBlueprintUserMessages: Late EndPlayMap Detection: Level '/Game/ThirdPersonBP/Maps/ThirdPersonExampleMap.ThirdPersonExampleMap:PersistentLevel' has LevelScriptBlueprint '/Game/ThirdPersonBP/Maps/ThirdPersonExampleMap.ThirdPersonExampleMap:PersistentLevel.ThirdPersonExampleMap' with GeneratedClass '/Game/ThirdPersonBP/Maps/ThirdPersonExampleMap.ThirdPersonExampleMap_C' with ClassGeneratedBy '/Game/ThirdPersonBP/Maps/ThirdPersonExampleMap.ThirdPersonExampleMap:PersistentLevel.ThirdPersonExampleMap'
[2017.10.22-12.10.55:024][874]BlueprintLog: New page: Compile ThirdPersonCharacter
[2017.10.22-12.10.59:001][ 30]LogTemp: Repeting last play command: Selected Viewport
[2017.10.22-12.10.59:027][ 30]LogBlueprintUserMessages: Early PlayInEditor Detection: Level '/Game/ThirdPersonBP/Maps/ThirdPersonExampleMap.ThirdPersonExampleMap:PersistentLevel' has LevelScriptBlueprint '/Game/ThirdPersonBP/Maps/ThirdPersonExampleMap.ThirdPersonExampleMap:PersistentLevel.ThirdPersonExampleMap' with GeneratedClass '/Game/ThirdPersonBP/Maps/ThirdPersonExampleMap.ThirdPersonExampleMap_C' with ClassGeneratedBy '/Game/ThirdPersonBP/Maps/ThirdPersonExampleMap.ThirdPersonExampleMap:PersistentLevel.ThirdPersonExampleMap'
[2017.10.22-12.10.59:027][ 30]LogPlayLevel: PlayLevel: No blueprints needed recompiling
[2017.10.22-12.10.59:028][ 30]PIE: New page: PIE session: ThirdPersonExampleMap (23 Oct 2017 10:10:59 am)
[2017.10.22-12.10.59:028][ 30]LogPlayLevel: Creating play world package: /Game/ThirdPersonBP/Maps/UEDPIE_0_ThirdPersonExampleMap
[2017.10.22-12.10.59:052][ 30]LogPlayLevel: PIE: StaticDuplicateObject took: (0.023983s)
[2017.10.22-12.10.59:053][ 30]LogAIModule: Creating AISystem for world ThirdPersonExampleMap
[2017.10.22-12.10.59:054][ 30]LogPlayLevel: PIE: World Init took: (0.001784s)
[2017.10.22-12.10.59:054][ 30]LogPlayLevel: PIE: Created PIE world by copying editor world from /Game/ThirdPersonBP/Maps/ThirdPersonExampleMap.ThirdPersonExampleMap to /Game/ThirdPersonBP/Maps/UEDPIE_0_ThirdPersonExampleMap.ThirdPersonExampleMap (0.026241s)
[2017.10.22-12.10.59:088][ 30]LogInit: XAudio2 using 'Speakers (Logitech G430 Gaming Headset)' : 6 channels at 48 kHz using 16 bits per sample (channel mask 0x3f)
[2017.10.22-12.10.59:102][ 30]LogInit: FAudioDevice initialized.
[2017.10.22-12.10.59:167][ 30]LogLoad: Game class is 'ThirdPersonGameMode_C'
[2017.10.22-12.10.59:173][ 30]LogWorld: Bringing World /Game/ThirdPersonBP/Maps/UEDPIE_0_ThirdPersonExampleMap.ThirdPersonExampleMap up for play (max tick rate 0) at 2017.10.22-23.10.59
[2017.10.22-12.10.59:173][ 30]LogWorld: Bringing up level for play took: 0.004362
[2017.10.22-12.10.59:185][ 30]PIE: Info Play in editor start time for /Game/ThirdPersonBP/Maps/UEDPIE_0_ThirdPersonExampleMap -0.601
[2017.10.22-12.10.59:185][ 30]LogBlueprintUserMessages: Late PlayInEditor Detection: Level '/Game/ThirdPersonBP/Maps/ThirdPersonExampleMap.ThirdPersonExampleMap:PersistentLevel' has LevelScriptBlueprint '/Game/ThirdPersonBP/Maps/ThirdPersonExampleMap.ThirdPersonExampleMap:PersistentLevel.ThirdPersonExampleMap' with GeneratedClass '/Game/ThirdPersonBP/Maps/ThirdPersonExampleMap.ThirdPersonExampleMap_C' with ClassGeneratedBy '/Game/ThirdPersonBP/Maps/ThirdPersonExampleMap.ThirdPersonExampleMap:PersistentLevel.ThirdPersonExampleMap'
[2017.10.22-12.10.59:221][ 30]LogRenderer: Reallocating scene render targets to support 1292x888 NumSamples 1 (Frame:1).
[2017.10.22-12.11.00:680][ 91]LogBlueprintUserMessages: Early EndPlayMap Detection: Level '/Game/ThirdPersonBP/Maps/ThirdPersonExampleMap.ThirdPersonExampleMap:PersistentLevel' has LevelScriptBlueprint '/Game/ThirdPersonBP/Maps/ThirdPersonExampleMap.ThirdPersonExampleMap:PersistentLevel.ThirdPersonExampleMap' with GeneratedClass '/Game/ThirdPersonBP/Maps/ThirdPersonExampleMap.ThirdPersonExampleMap_C' with ClassGeneratedBy '/Game/ThirdPersonBP/Maps/ThirdPersonExampleMap.ThirdPersonExampleMap:PersistentLevel.ThirdPersonExampleMap'
[2017.10.22-12.11.00:755][ 91]LogBlueprintUserMessages: Late EndPlayMap Detection: Level '/Game/ThirdPersonBP/Maps/ThirdPersonExampleMap.ThirdPersonExampleMap:PersistentLevel' has LevelScriptBlueprint '/Game/ThirdPersonBP/Maps/ThirdPersonExampleMap.ThirdPersonExampleMap:PersistentLevel.ThirdPersonExampleMap' with GeneratedClass '/Game/ThirdPersonBP/Maps/ThirdPersonExampleMap.ThirdPersonExampleMap_C' with ClassGeneratedBy '/Game/ThirdPersonBP/Maps/ThirdPersonExampleMap.ThirdPersonExampleMap:PersistentLevel.ThirdPersonExampleMap'
[2017.10.22-12.11.07:313][309]LogTemp: Repeting last play command: Selected Viewport
[2017.10.22-12.11.07:330][309]LogBlueprintUserMessages: Early PlayInEditor Detection: Level '/Game/ThirdPersonBP/Maps/ThirdPersonExampleMap.ThirdPersonExampleMap:PersistentLevel' has LevelScriptBlueprint '/Game/ThirdPersonBP/Maps/ThirdPersonExampleMap.ThirdPersonExampleMap:PersistentLevel.ThirdPersonExampleMap' with GeneratedClass '/Game/ThirdPersonBP/Maps/ThirdPersonExampleMap.ThirdPersonExampleMap_C' with ClassGeneratedBy '/Game/ThirdPersonBP/Maps/ThirdPersonExampleMap.ThirdPersonExampleMap:PersistentLevel.ThirdPersonExampleMap'
[2017.10.22-12.11.07:330][309]LogPlayLevel: PlayLevel: No blueprints needed recompiling
[2017.10.22-12.11.07:331][309]PIE: New page: PIE session: ThirdPersonExampleMap (23 Oct 2017 10:11:07 am)
[2017.10.22-12.11.07:331][309]LogPlayLevel: Creating play world package: /Game/ThirdPersonBP/Maps/UEDPIE_0_ThirdPersonExampleMap
[2017.10.22-12.11.07:353][309]LogPlayLevel: PIE: StaticDuplicateObject took: (0.022265s)
[2017.10.22-12.11.07:354][309]LogAIModule: Creating AISystem for world ThirdPersonExampleMap
[2017.10.22-12.11.07:354][309]LogPlayLevel: PIE: World Init took: (0.001283s)
[2017.10.22-12.11.07:355][309]LogPlayLevel: PIE: Created PIE world by copying editor world from /Game/ThirdPersonBP/Maps/ThirdPersonExampleMap.ThirdPersonExampleMap to /Game/ThirdPersonBP/Maps/UEDPIE_0_ThirdPersonExampleMap.ThirdPersonExampleMap (0.024017s)
[2017.10.22-12.11.07:392][309]LogInit: XAudio2 using 'Speakers (Logitech G430 Gaming Headset)' : 6 channels at 48 kHz using 16 bits per sample (channel mask 0x3f)
[2017.10.22-12.11.07:406][309]LogInit: FAudioDevice initialized.
[2017.10.22-12.11.07:443][309]LogLoad: Game class is 'ThirdPersonGameMode_C'
[2017.10.22-12.11.07:446][309]LogWorld: Bringing World /Game/ThirdPersonBP/Maps/UEDPIE_0_ThirdPersonExampleMap.ThirdPersonExampleMap up for play (max tick rate 0) at 2017.10.22-23.11.07
[2017.10.22-12.11.07:447][309]LogWorld: Bringing up level for play took: 0.002582
[2017.10.22-12.11.07:448][309]PIE: Info Play in editor start time for /Game/ThirdPersonBP/Maps/UEDPIE_0_ThirdPersonExampleMap -0.337
[2017.10.22-12.11.07:449][309]LogBlueprintUserMessages: Late PlayInEditor Detection: Level '/Game/ThirdPersonBP/Maps/ThirdPersonExampleMap.ThirdPersonExampleMap:PersistentLevel' has LevelScriptBlueprint '/Game/ThirdPersonBP/Maps/ThirdPersonExampleMap.ThirdPersonExampleMap:PersistentLevel.ThirdPersonExampleMap' with GeneratedClass '/Game/ThirdPersonBP/Maps/ThirdPersonExampleMap.ThirdPersonExampleMap_C' with ClassGeneratedBy '/Game/ThirdPersonBP/Maps/ThirdPersonExampleMap.ThirdPersonExampleMap:PersistentLevel.ThirdPersonExampleMap'
[2017.10.22-12.11.23:730][969]LogBlueprintUserMessages: Early EndPlayMap Detection: Level '/Game/ThirdPersonBP/Maps/ThirdPersonExampleMap.ThirdPersonExampleMap:PersistentLevel' has LevelScriptBlueprint '/Game/ThirdPersonBP/Maps/ThirdPersonExampleMap.ThirdPersonExampleMap:PersistentLevel.ThirdPersonExampleMap' with GeneratedClass '/Game/ThirdPersonBP/Maps/ThirdPersonExampleMap.ThirdPersonExampleMap_C' with ClassGeneratedBy '/Game/ThirdPersonBP/Maps/ThirdPersonExampleMap.ThirdPersonExampleMap:PersistentLevel.ThirdPersonExampleMap'
[2017.10.22-12.11.23:791][969]LogBlueprintUserMessages: Late EndPlayMap Detection: Level '/Game/ThirdPersonBP/Maps/ThirdPersonExampleMap.ThirdPersonExampleMap:PersistentLevel' has LevelScriptBlueprint '/Game/ThirdPersonBP/Maps/ThirdPersonExampleMap.ThirdPersonExampleMap:PersistentLevel.ThirdPersonExampleMap' with GeneratedClass '/Game/ThirdPersonBP/Maps/ThirdPersonExampleMap.ThirdPersonExampleMap_C' with ClassGeneratedBy '/Game/ThirdPersonBP/Maps/ThirdPersonExampleMap.ThirdPersonExampleMap:PersistentLevel.ThirdPersonExampleMap'
[2017.10.22-12.11.24:937][991]LogSavePackage: Save=182.57ms
[2017.10.22-12.11.24:937][991]LogSavePackage: Moving '../../../../UE4MajorProject/ue4-soldier/Saved/ThirdPersonExampleMap70CF2AE042707F79B49AE9AB51641B6D.tmp' to '../../../../UE4MajorProject/ue4-soldier/Content/ThirdPersonBP/Maps/ThirdPersonExampleMap.umap'
[2017.10.22-12.11.24:940][991]LogSavePackage:Display: Finished SavePackage ../../../../UE4MajorProject/ue4-soldier/Content/ThirdPersonBP/Maps/ThirdPersonExampleMap.umap
[2017.10.22-12.11.25:181][991]LogSavePackage: Save=192.75ms
[2017.10.22-12.11.25:181][991]LogSavePackage: Moving '../../../../UE4MajorProject/ue4-soldier/Saved/ThirdPersonExampleMap_BuiltData71AF355D460B9354F07060898D1F6DEF.tmp' to '../../../../UE4MajorProject/ue4-soldier/Content/ThirdPersonBP/Maps/ThirdPersonExampleMap_BuiltData.uasset'
[2017.10.22-12.11.25:182][991]LogSavePackage:Display: Finished SavePackage ../../../../UE4MajorProject/ue4-soldier/Content/ThirdPersonBP/Maps/ThirdPersonExampleMap_BuiltData.uasset
[2017.10.22-12.11.39:825][508]LogTemp: Repeting last play command: Selected Viewport
[2017.10.22-12.11.39:843][508]LogBlueprintUserMessages: Early PlayInEditor Detection: Level '/Game/ThirdPersonBP/Maps/ThirdPersonExampleMap.ThirdPersonExampleMap:PersistentLevel' has LevelScriptBlueprint '/Game/ThirdPersonBP/Maps/ThirdPersonExampleMap.ThirdPersonExampleMap:PersistentLevel.ThirdPersonExampleMap' with GeneratedClass '/Game/ThirdPersonBP/Maps/ThirdPersonExampleMap.ThirdPersonExampleMap_C' with ClassGeneratedBy '/Game/ThirdPersonBP/Maps/ThirdPersonExampleMap.ThirdPersonExampleMap:PersistentLevel.ThirdPersonExampleMap'
[2017.10.22-12.11.39:843][508]LogPlayLevel: PlayLevel: No blueprints needed recompiling
[2017.10.22-12.11.39:843][508]PIE: New page: PIE session: ThirdPersonExampleMap (23 Oct 2017 10:11:39 am)
[2017.10.22-12.11.39:843][508]LogPlayLevel: Creating play world package: /Game/ThirdPersonBP/Maps/UEDPIE_0_ThirdPersonExampleMap
[2017.10.22-12.11.39:865][508]LogPlayLevel: PIE: StaticDuplicateObject took: (0.022228s)
[2017.10.22-12.11.39:867][508]LogAIModule: Creating AISystem for world ThirdPersonExampleMap
[2017.10.22-12.11.39:867][508]LogPlayLevel: PIE: World Init took: (0.001577s)
[2017.10.22-12.11.39:867][508]LogPlayLevel: PIE: Created PIE world by copying editor world from /Game/ThirdPersonBP/Maps/ThirdPersonExampleMap.ThirdPersonExampleMap to /Game/ThirdPersonBP/Maps/UEDPIE_0_ThirdPersonExampleMap.ThirdPersonExampleMap (0.024295s)
[2017.10.22-12.11.39:906][508]LogInit: XAudio2 using 'Speakers (Logitech G430 Gaming Headset)' : 6 channels at 48 kHz using 16 bits per sample (channel mask 0x3f)
[2017.10.22-12.11.39:921][508]LogInit: FAudioDevice initialized.
[2017.10.22-12.11.39:954][508]LogLoad: Game class is 'ThirdPersonGameMode_C'
[2017.10.22-12.11.39:958][508]LogWorld: Bringing World /Game/ThirdPersonBP/Maps/UEDPIE_0_ThirdPersonExampleMap.ThirdPersonExampleMap up for play (max tick rate 0) at 2017.10.22-23.11.39
[2017.10.22-12.11.39:959][508]LogWorld: Bringing up level for play took: 0.003240
[2017.10.22-12.11.39:960][508]PIE: Info Play in editor start time for /Game/ThirdPersonBP/Maps/UEDPIE_0_ThirdPersonExampleMap 0.175
[2017.10.22-12.11.39:961][508]LogBlueprintUserMessages: Late PlayInEditor Detection: Level '/Game/ThirdPersonBP/Maps/ThirdPersonExampleMap.ThirdPersonExampleMap:PersistentLevel' has LevelScriptBlueprint '/Game/ThirdPersonBP/Maps/ThirdPersonExampleMap.ThirdPersonExampleMap:PersistentLevel.ThirdPersonExampleMap' with GeneratedClass '/Game/ThirdPersonBP/Maps/ThirdPersonExampleMap.ThirdPersonExampleMap_C' with ClassGeneratedBy '/Game/ThirdPersonBP/Maps/ThirdPersonExampleMap.ThirdPersonExampleMap:PersistentLevel.ThirdPersonExampleMap'
[2017.10.22-12.11.46:228][768]LogBlueprintUserMessages: Early EndPlayMap Detection: Level '/Game/ThirdPersonBP/Maps/ThirdPersonExampleMap.ThirdPersonExampleMap:PersistentLevel' has LevelScriptBlueprint '/Game/ThirdPersonBP/Maps/ThirdPersonExampleMap.ThirdPersonExampleMap:PersistentLevel.ThirdPersonExampleMap' with GeneratedClass '/Game/ThirdPersonBP/Maps/ThirdPersonExampleMap.ThirdPersonExampleMap_C' with ClassGeneratedBy '/Game/ThirdPersonBP/Maps/ThirdPersonExampleMap.ThirdPersonExampleMap:PersistentLevel.ThirdPersonExampleMap'
[2017.10.22-12.11.46:310][768]LogBlueprintUserMessages: Late EndPlayMap Detection: Level '/Game/ThirdPersonBP/Maps/ThirdPersonExampleMap.ThirdPersonExampleMap:PersistentLevel' has LevelScriptBlueprint '/Game/ThirdPersonBP/Maps/ThirdPersonExampleMap.ThirdPersonExampleMap:PersistentLevel.ThirdPersonExampleMap' with GeneratedClass '/Game/ThirdPersonBP/Maps/ThirdPersonExampleMap.ThirdPersonExampleMap_C' with ClassGeneratedBy '/Game/ThirdPersonBP/Maps/ThirdPersonExampleMap.ThirdPersonExampleMap:PersistentLevel.ThirdPersonExampleMap'
[2017.10.22-12.12.15:692][902]BlueprintLog: New page: Compile ThirdPersonCharacter
[2017.10.22-12.12.16:403][907]LogTemp: Repeting last play command: Selected Viewport
[2017.10.22-12.12.16:427][907]LogBlueprintUserMessages: Early PlayInEditor Detection: Level '/Game/ThirdPersonBP/Maps/ThirdPersonExampleMap.ThirdPersonExampleMap:PersistentLevel' has LevelScriptBlueprint '/Game/ThirdPersonBP/Maps/ThirdPersonExampleMap.ThirdPersonExampleMap:PersistentLevel.ThirdPersonExampleMap' with GeneratedClass '/Game/ThirdPersonBP/Maps/ThirdPersonExampleMap.ThirdPersonExampleMap_C' with ClassGeneratedBy '/Game/ThirdPersonBP/Maps/ThirdPersonExampleMap.ThirdPersonExampleMap:PersistentLevel.ThirdPersonExampleMap'
[2017.10.22-12.12.16:427][907]LogPlayLevel: PlayLevel: No blueprints needed recompiling
[2017.10.22-12.12.16:427][907]PIE: New page: PIE session: ThirdPersonExampleMap (23 Oct 2017 10:12:16 am)
[2017.10.22-12.12.16:427][907]LogPlayLevel: Creating play world package: /Game/ThirdPersonBP/Maps/UEDPIE_0_ThirdPersonExampleMap
[2017.10.22-12.12.16:443][907]LogPlayLevel: PIE: StaticDuplicateObject took: (0.015823s)
[2017.10.22-12.12.16:444][907]LogAIModule: Creating AISystem for world ThirdPersonExampleMap
[2017.10.22-12.12.16:445][907]LogPlayLevel: PIE: World Init took: (0.001335s)
[2017.10.22-12.12.16:445][907]LogPlayLevel: PIE: Created PIE world by copying editor world from /Game/ThirdPersonBP/Maps/ThirdPersonExampleMap.ThirdPersonExampleMap to /Game/ThirdPersonBP/Maps/UEDPIE_0_ThirdPersonExampleMap.ThirdPersonExampleMap (0.017492s)
[2017.10.22-12.12.16:482][907]LogInit: XAudio2 using 'Speakers (Logitech G430 Gaming Headset)' : 6 channels at 48 kHz using 16 bits per sample (channel mask 0x3f)
[2017.10.22-12.12.16:493][907]LogInit: FAudioDevice initialized.
[2017.10.22-12.12.16:533][907]LogLoad: Game class is 'ThirdPersonGameMode_C'
[2017.10.22-12.12.16:538][907]LogWorld: Bringing World /Game/ThirdPersonBP/Maps/UEDPIE_0_ThirdPersonExampleMap.ThirdPersonExampleMap up for play (max tick rate 0) at 2017.10.22-23.12.16
[2017.10.22-12.12.16:539][907]LogWorld: Bringing up level for play took: 0.004383
[2017.10.22-12.12.16:543][907]PIE: Info Play in editor start time for /Game/ThirdPersonBP/Maps/UEDPIE_0_ThirdPersonExampleMap 0.756
[2017.10.22-12.12.16:543][907]LogBlueprintUserMessages: Late PlayInEditor Detection: Level '/Game/ThirdPersonBP/Maps/ThirdPersonExampleMap.ThirdPersonExampleMap:PersistentLevel' has LevelScriptBlueprint '/Game/ThirdPersonBP/Maps/ThirdPersonExampleMap.ThirdPersonExampleMap:PersistentLevel.ThirdPersonExampleMap' with GeneratedClass '/Game/ThirdPersonBP/Maps/ThirdPersonExampleMap.ThirdPersonExampleMap_C' with ClassGeneratedBy '/Game/ThirdPersonBP/Maps/ThirdPersonExampleMap.ThirdPersonExampleMap:PersistentLevel.ThirdPersonExampleMap'
[2017.10.22-12.12.28:237][375]LogBlueprintUserMessages: Early EndPlayMap Detection: Level '/Game/ThirdPersonBP/Maps/ThirdPersonExampleMap.ThirdPersonExampleMap:PersistentLevel' has LevelScriptBlueprint '/Game/ThirdPersonBP/Maps/ThirdPersonExampleMap.ThirdPersonExampleMap:PersistentLevel.ThirdPersonExampleMap' with GeneratedClass '/Game/ThirdPersonBP/Maps/ThirdPersonExampleMap.ThirdPersonExampleMap_C' with ClassGeneratedBy '/Game/ThirdPersonBP/Maps/ThirdPersonExampleMap.ThirdPersonExampleMap:PersistentLevel.ThirdPersonExampleMap'
[2017.10.22-12.12.28:301][375]LogBlueprintUserMessages: Late EndPlayMap Detection: Level '/Game/ThirdPersonBP/Maps/ThirdPersonExampleMap.ThirdPersonExampleMap:PersistentLevel' has LevelScriptBlueprint '/Game/ThirdPersonBP/Maps/ThirdPersonExampleMap.ThirdPersonExampleMap:PersistentLevel.ThirdPersonExampleMap' with GeneratedClass '/Game/ThirdPersonBP/Maps/ThirdPersonExampleMap.ThirdPersonExampleMap_C' with ClassGeneratedBy '/Game/ThirdPersonBP/Maps/ThirdPersonExampleMap.ThirdPersonExampleMap:PersistentLevel.ThirdPersonExampleMap'
[2017.10.22-12.12.34:152][568]LogEditorTransaction: Undo Move Node
[2017.10.22-12.12.34:581][568]LogActorComponent: RegisterComponentWithWorld: (/Engine/Transient.World_7:PersistentLevel.Actor_0.DebugSkelMeshComponent_0) Already registered. Aborting.
[2017.10.22-12.12.34:586][568]LogActorComponent: RegisterComponentWithWorld: (/Engine/Transient.World_9:PersistentLevel.Actor_1.DebugSkelMeshComponent_1) Already registered. Aborting.
[2017.10.22-12.12.34:588][568]LogActorComponent: RegisterComponentWithWorld: (/Engine/Transient.World_10:PersistentLevel.Actor_2.DebugSkelMeshComponent_2) Already registered. Aborting.
[2017.10.22-12.12.37:365][648]LogEditorTransaction: Undo Move Node
[2017.10.22-12.12.37:806][648]LogActorComponent: RegisterComponentWithWorld: (/Engine/Transient.World_7:PersistentLevel.Actor_0.DebugSkelMeshComponent_0) Already registered. Aborting.
[2017.10.22-12.12.37:807][648]LogActorComponent: RegisterComponentWithWorld: (/Engine/Transient.World_9:PersistentLevel.Actor_1.DebugSkelMeshComponent_1) Already registered. Aborting.
[2017.10.22-12.12.37:810][648]LogActorComponent: RegisterComponentWithWorld: (/Engine/Transient.World_10:PersistentLevel.Actor_2.DebugSkelMeshComponent_2) Already registered. Aborting.
[2017.10.22-12.12.50:149][ 49]LogEditorTransaction: Undo Promote To Variable
[2017.10.22-12.12.50:589][ 49]LogActorComponent: RegisterComponentWithWorld: (/Engine/Transient.World_7:PersistentLevel.Actor_0.DebugSkelMeshComponent_0) Already registered. Aborting.
[2017.10.22-12.12.50:591][ 49]LogActorComponent: RegisterComponentWithWorld: (/Engine/Transient.World_9:PersistentLevel.Actor_1.DebugSkelMeshComponent_1) Already registered. Aborting.
[2017.10.22-12.12.50:593][ 49]LogActorComponent: RegisterComponentWithWorld: (/Engine/Transient.World_10:PersistentLevel.Actor_2.DebugSkelMeshComponent_2) Already registered. Aborting.
[2017.10.22-12.13.12:353][771]BlueprintLog: New page: Compile ThirdPersonCharacter
[2017.10.22-12.13.13:466][784]Cmd: OBJ SAVEPACKAGE PACKAGE="/Game/ThirdPersonBP/Blueprints/ThirdPersonCharacter" FILE="../../../../UE4MajorProject/ue4-soldier/Content/ThirdPersonBP/Blueprints/ThirdPersonCharacter.uasset" SILENT=true
[2017.10.22-12.13.13:678][784]LogSavePackage: Save=197.16ms
[2017.10.22-12.13.13:678][784]LogSavePackage: Moving '../../../../UE4MajorProject/ue4-soldier/Saved/ThirdPersonCharacter8CE33D7F4A8E586D30466F8A4546F0CD.tmp' to '../../../../UE4MajorProject/ue4-soldier/Content/ThirdPersonBP/Blueprints/ThirdPersonCharacter.uasset'
[2017.10.22-12.13.13:681][784]LogSavePackage:Display: Finished SavePackage ../../../../UE4MajorProject/ue4-soldier/Content/ThirdPersonBP/Blueprints/ThirdPersonCharacter.uasset
[2017.10.22-12.13.13:925][792]LogTemp: Repeting last play command: Selected Viewport
[2017.10.22-12.13.13:948][792]LogBlueprintUserMessages: Early PlayInEditor Detection: Level '/Game/ThirdPersonBP/Maps/ThirdPersonExampleMap.ThirdPersonExampleMap:PersistentLevel' has LevelScriptBlueprint '/Game/ThirdPersonBP/Maps/ThirdPersonExampleMap.ThirdPersonExampleMap:PersistentLevel.ThirdPersonExampleMap' with GeneratedClass '/Game/ThirdPersonBP/Maps/ThirdPersonExampleMap.ThirdPersonExampleMap_C' with ClassGeneratedBy '/Game/ThirdPersonBP/Maps/ThirdPersonExampleMap.ThirdPersonExampleMap:PersistentLevel.ThirdPersonExampleMap'
[2017.10.22-12.13.13:948][792]LogPlayLevel: PlayLevel: No blueprints needed recompiling
[2017.10.22-12.13.13:948][792]PIE: New page: PIE session: ThirdPersonExampleMap (23 Oct 2017 10:13:13 am)
[2017.10.22-12.13.13:948][792]LogPlayLevel: Creating play world package: /Game/ThirdPersonBP/Maps/UEDPIE_0_ThirdPersonExampleMap
[2017.10.22-12.13.13:965][792]LogPlayLevel: PIE: StaticDuplicateObject took: (0.016927s)
[2017.10.22-12.13.13:966][792]LogAIModule: Creating AISystem for world ThirdPersonExampleMap
[2017.10.22-12.13.13:966][792]LogPlayLevel: PIE: World Init took: (0.000887s)
[2017.10.22-12.13.13:966][792]LogPlayLevel: PIE: Created PIE world by copying editor world from /Game/ThirdPersonBP/Maps/ThirdPersonExampleMap.ThirdPersonExampleMap to /Game/ThirdPersonBP/Maps/UEDPIE_0_ThirdPersonExampleMap.ThirdPersonExampleMap (0.018076s)
[2017.10.22-12.13.14:006][792]LogInit: XAudio2 using 'Speakers (Logitech G430 Gaming Headset)' : 6 channels at 48 kHz using 16 bits per sample (channel mask 0x3f)
[2017.10.22-12.13.14:018][792]LogInit: FAudioDevice initialized.
[2017.10.22-12.13.14:070][792]LogLoad: Game class is 'ThirdPersonGameMode_C'
[2017.10.22-12.13.14:073][792]LogWorld: Bringing World /Game/ThirdPersonBP/Maps/UEDPIE_0_ThirdPersonExampleMap.ThirdPersonExampleMap up for play (max tick rate 0) at 2017.10.22-23.13.14
[2017.10.22-12.13.14:074][792]LogWorld: Bringing up level for play took: 0.002653
[2017.10.22-12.13.14:075][792]PIE: Info Play in editor start time for /Game/ThirdPersonBP/Maps/UEDPIE_0_ThirdPersonExampleMap 0.29
[2017.10.22-12.13.14:076][792]LogBlueprintUserMessages: Late PlayInEditor Detection: Level '/Game/ThirdPersonBP/Maps/ThirdPersonExampleMap.ThirdPersonExampleMap:PersistentLevel' has LevelScriptBlueprint '/Game/ThirdPersonBP/Maps/ThirdPersonExampleMap.ThirdPersonExampleMap:PersistentLevel.ThirdPersonExampleMap' with GeneratedClass '/Game/ThirdPersonBP/Maps/ThirdPersonExampleMap.ThirdPersonExampleMap_C' with ClassGeneratedBy '/Game/ThirdPersonBP/Maps/ThirdPersonExampleMap.ThirdPersonExampleMap:PersistentLevel.ThirdPersonExampleMap'
[2017.10.22-12.13.23:156][149]LogBlueprintUserMessages: Early EndPlayMap Detection: Level '/Game/ThirdPersonBP/Maps/ThirdPersonExampleMap.ThirdPersonExampleMap:PersistentLevel' has LevelScriptBlueprint '/Game/ThirdPersonBP/Maps/ThirdPersonExampleMap.ThirdPersonExampleMap:PersistentLevel.ThirdPersonExampleMap' with GeneratedClass '/Game/ThirdPersonBP/Maps/ThirdPersonExampleMap.ThirdPersonExampleMap_C' with ClassGeneratedBy '/Game/ThirdPersonBP/Maps/ThirdPersonExampleMap.ThirdPersonExampleMap:PersistentLevel.ThirdPersonExampleMap'
[2017.10.22-12.13.23:243][149]LogBlueprintUserMessages: Late EndPlayMap Detection: Level '/Game/ThirdPersonBP/Maps/ThirdPersonExampleMap.ThirdPersonExampleMap:PersistentLevel' has LevelScriptBlueprint '/Game/ThirdPersonBP/Maps/ThirdPersonExampleMap.ThirdPersonExampleMap:PersistentLevel.ThirdPersonExampleMap' with GeneratedClass '/Game/ThirdPersonBP/Maps/ThirdPersonExampleMap.ThirdPersonExampleMap_C' with ClassGeneratedBy '/Game/ThirdPersonBP/Maps/ThirdPersonExampleMap.ThirdPersonExampleMap:PersistentLevel.ThirdPersonExampleMap'
[2017.10.22-12.14.40:658][711]BlueprintLog: New page: Compile ThirdPersonCharacter
[2017.10.22-12.14.41:518][723]LogTemp: Repeting last play command: Selected Viewport
[2017.10.22-12.14.41:542][723]LogBlueprintUserMessages: Early PlayInEditor Detection: Level '/Game/ThirdPersonBP/Maps/ThirdPersonExampleMap.ThirdPersonExampleMap:PersistentLevel' has LevelScriptBlueprint '/Game/ThirdPersonBP/Maps/ThirdPersonExampleMap.ThirdPersonExampleMap:PersistentLevel.ThirdPersonExampleMap' with GeneratedClass '/Game/ThirdPersonBP/Maps/ThirdPersonExampleMap.ThirdPersonExampleMap_C' with ClassGeneratedBy '/Game/ThirdPersonBP/Maps/ThirdPersonExampleMap.ThirdPersonExampleMap:PersistentLevel.ThirdPersonExampleMap'
[2017.10.22-12.14.41:542][723]LogPlayLevel: PlayLevel: No blueprints needed recompiling
[2017.10.22-12.14.41:542][723]PIE: New page: PIE session: ThirdPersonExampleMap (23 Oct 2017 10:14:41 am)
[2017.10.22-12.14.41:542][723]LogPlayLevel: Creating play world package: /Game/ThirdPersonBP/Maps/UEDPIE_0_ThirdPersonExampleMap
[2017.10.22-12.14.41:559][723]LogPlayLevel: PIE: StaticDuplicateObject took: (0.017116s)
[2017.10.22-12.14.41:560][723]LogAIModule: Creating AISystem for world ThirdPersonExampleMap
[2017.10.22-12.14.41:560][723]LogPlayLevel: PIE: World Init took: (0.001005s)
[2017.10.22-12.14.41:561][723]LogPlayLevel: PIE: Created PIE world by copying editor world from /Game/ThirdPersonBP/Maps/ThirdPersonExampleMap.ThirdPersonExampleMap to /Game/ThirdPersonBP/Maps/UEDPIE_0_ThirdPersonExampleMap.ThirdPersonExampleMap (0.018416s)
[2017.10.22-12.14.41:598][723]LogInit: XAudio2 using 'Speakers (Logitech G430 Gaming Headset)' : 6 channels at 48 kHz using 16 bits per sample (channel mask 0x3f)
[2017.10.22-12.14.41:609][723]LogInit: FAudioDevice initialized.
[2017.10.22-12.14.41:655][723]LogLoad: Game class is 'ThirdPersonGameMode_C'
[2017.10.22-12.14.41:660][723]LogWorld: Bringing World /Game/ThirdPersonBP/Maps/UEDPIE_0_ThirdPersonExampleMap.ThirdPersonExampleMap up for play (max tick rate 0) at 2017.10.22-23.14.41
[2017.10.22-12.14.41:661][723]LogWorld: Bringing up level for play took: 0.004781
[2017.10.22-12.14.41:665][723]PIE: Info Play in editor start time for /Game/ThirdPersonBP/Maps/UEDPIE_0_ThirdPersonExampleMap -0.121
[2017.10.22-12.14.41:665][723]LogBlueprintUserMessages: Late PlayInEditor Detection: Level '/Game/ThirdPersonBP/Maps/ThirdPersonExampleMap.ThirdPersonExampleMap:PersistentLevel' has LevelScriptBlueprint '/Game/ThirdPersonBP/Maps/ThirdPersonExampleMap.ThirdPersonExampleMap:PersistentLevel.ThirdPersonExampleMap' with GeneratedClass '/Game/ThirdPersonBP/Maps/ThirdPersonExampleMap.ThirdPersonExampleMap_C' with ClassGeneratedBy '/Game/ThirdPersonBP/Maps/ThirdPersonExampleMap.ThirdPersonExampleMap:PersistentLevel.ThirdPersonExampleMap'
[2017.10.22-12.14.53:545][200]LogBlueprintUserMessages: Early EndPlayMap Detection: Level '/Game/ThirdPersonBP/Maps/ThirdPersonExampleMap.ThirdPersonExampleMap:PersistentLevel' has LevelScriptBlueprint '/Game/ThirdPersonBP/Maps/ThirdPersonExampleMap.ThirdPersonExampleMap:PersistentLevel.ThirdPersonExampleMap' with GeneratedClass '/Game/ThirdPersonBP/Maps/ThirdPersonExampleMap.ThirdPersonExampleMap_C' with ClassGeneratedBy '/Game/ThirdPersonBP/Maps/ThirdPersonExampleMap.ThirdPersonExampleMap:PersistentLevel.ThirdPersonExampleMap'
[2017.10.22-12.14.53:621][200]LogBlueprintUserMessages: Late EndPlayMap Detection: Level '/Game/ThirdPersonBP/Maps/ThirdPersonExampleMap.ThirdPersonExampleMap:PersistentLevel' has LevelScriptBlueprint '/Game/ThirdPersonBP/Maps/ThirdPersonExampleMap.ThirdPersonExampleMap:PersistentLevel.ThirdPersonExampleMap' with GeneratedClass '/Game/ThirdPersonBP/Maps/ThirdPersonExampleMap.ThirdPersonExampleMap_C' with ClassGeneratedBy '/Game/ThirdPersonBP/Maps/ThirdPersonExampleMap.ThirdPersonExampleMap:PersistentLevel.ThirdPersonExampleMap'
[2017.10.22-12.15.01:470][483]BlueprintLog: New page: Compile ThirdPersonCharacter
[2017.10.22-12.15.02:117][487]LogTemp: Repeting last play command: Selected Viewport
[2017.10.22-12.15.02:142][487]LogBlueprintUserMessages: Early PlayInEditor Detection: Level '/Game/ThirdPersonBP/Maps/ThirdPersonExampleMap.ThirdPersonExampleMap:PersistentLevel' has LevelScriptBlueprint '/Game/ThirdPersonBP/Maps/ThirdPersonExampleMap.ThirdPersonExampleMap:PersistentLevel.ThirdPersonExampleMap' with GeneratedClass '/Game/ThirdPersonBP/Maps/ThirdPersonExampleMap.ThirdPersonExampleMap_C' with ClassGeneratedBy '/Game/ThirdPersonBP/Maps/ThirdPersonExampleMap.ThirdPersonExampleMap:PersistentLevel.ThirdPersonExampleMap'
[2017.10.22-12.15.02:142][487]LogPlayLevel: PlayLevel: No blueprints needed recompiling
[2017.10.22-12.15.02:143][487]PIE: New page: PIE session: ThirdPersonExampleMap (23 Oct 2017 10:15:02 am)
[2017.10.22-12.15.02:143][487]LogPlayLevel: Creating play world package: /Game/ThirdPersonBP/Maps/UEDPIE_0_ThirdPersonExampleMap
[2017.10.22-12.15.02:159][487]LogPlayLevel: PIE: StaticDuplicateObject took: (0.016361s)
[2017.10.22-12.15.02:160][487]LogAIModule: Creating AISystem for world ThirdPersonExampleMap
[2017.10.22-12.15.02:160][487]LogPlayLevel: PIE: World Init took: (0.001141s)
[2017.10.22-12.15.02:161][487]LogPlayLevel: PIE: Created PIE world by copying editor world from /Game/ThirdPersonBP/Maps/ThirdPersonExampleMap.ThirdPersonExampleMap to /Game/ThirdPersonBP/Maps/UEDPIE_0_ThirdPersonExampleMap.ThirdPersonExampleMap (0.017829s)
[2017.10.22-12.15.02:197][487]LogInit: XAudio2 using 'Speakers (Logitech G430 Gaming Headset)' : 6 channels at 48 kHz using 16 bits per sample (channel mask 0x3f)
[2017.10.22-12.15.02:207][487]LogInit: FAudioDevice initialized.
[2017.10.22-12.15.02:258][487]LogLoad: Game class is 'ThirdPersonGameMode_C'
[2017.10.22-12.15.02:263][487]LogWorld: Bringing World /Game/ThirdPersonBP/Maps/UEDPIE_0_ThirdPersonExampleMap.ThirdPersonExampleMap up for play (max tick rate 0) at 2017.10.22-23.15.02
[2017.10.22-12.15.02:264][487]LogWorld: Bringing up level for play took: 0.003901
[2017.10.22-12.15.02:265][487]PIE: Info Play in editor start time for /Game/ThirdPersonBP/Maps/UEDPIE_0_ThirdPersonExampleMap 0.48
[2017.10.22-12.15.02:266][487]LogBlueprintUserMessages: Late PlayInEditor Detection: Level '/Game/ThirdPersonBP/Maps/ThirdPersonExampleMap.ThirdPersonExampleMap:PersistentLevel' has LevelScriptBlueprint '/Game/ThirdPersonBP/Maps/ThirdPersonExampleMap.ThirdPersonExampleMap:PersistentLevel.ThirdPersonExampleMap' with GeneratedClass '/Game/ThirdPersonBP/Maps/ThirdPersonExampleMap.ThirdPersonExampleMap_C' with ClassGeneratedBy '/Game/ThirdPersonBP/Maps/ThirdPersonExampleMap.ThirdPersonExampleMap:PersistentLevel.ThirdPersonExampleMap'
[2017.10.22-12.15.26:209][464]LogBlueprintUserMessages: Early EndPlayMap Detection: Level '/Game/ThirdPersonBP/Maps/ThirdPersonExampleMap.ThirdPersonExampleMap:PersistentLevel' has LevelScriptBlueprint '/Game/ThirdPersonBP/Maps/ThirdPersonExampleMap.ThirdPersonExampleMap:PersistentLevel.ThirdPersonExampleMap' with GeneratedClass '/Game/ThirdPersonBP/Maps/ThirdPersonExampleMap.ThirdPersonExampleMap_C' with ClassGeneratedBy '/Game/ThirdPersonBP/Maps/ThirdPersonExampleMap.ThirdPersonExampleMap:PersistentLevel.ThirdPersonExampleMap'
[2017.10.22-12.15.26:288][464]LogBlueprintUserMessages: Late EndPlayMap Detection: Level '/Game/ThirdPersonBP/Maps/ThirdPersonExampleMap.ThirdPersonExampleMap:PersistentLevel' has LevelScriptBlueprint '/Game/ThirdPersonBP/Maps/ThirdPersonExampleMap.ThirdPersonExampleMap:PersistentLevel.ThirdPersonExampleMap' with GeneratedClass '/Game/ThirdPersonBP/Maps/ThirdPersonExampleMap.ThirdPersonExampleMap_C' with ClassGeneratedBy '/Game/ThirdPersonBP/Maps/ThirdPersonExampleMap.ThirdPersonExampleMap:PersistentLevel.ThirdPersonExampleMap'
[2017.10.22-12.15.27:154][479]LogSavePackage: Save=185.78ms
[2017.10.22-12.15.27:154][479]LogSavePackage: Moving '../../../../UE4MajorProject/ue4-soldier/Saved/ThirdPersonExampleMap9BE2DE7C4851AE0D01AE5081E0B2C438.tmp' to '../../../../UE4MajorProject/ue4-soldier/Content/ThirdPersonBP/Maps/ThirdPersonExampleMap.umap'
[2017.10.22-12.15.27:157][479]LogSavePackage:Display: Finished SavePackage ../../../../UE4MajorProject/ue4-soldier/Content/ThirdPersonBP/Maps/ThirdPersonExampleMap.umap
[2017.10.22-12.15.27:339][479]LogSavePackage: Save=138.82ms
[2017.10.22-12.15.27:339][479]LogSavePackage: Moving '../../../../UE4MajorProject/ue4-soldier/Saved/ThirdPersonExampleMap_BuiltData59B801ED44858436F17215994D14D7B7.tmp' to '../../../../UE4MajorProject/ue4-soldier/Content/ThirdPersonBP/Maps/ThirdPersonExampleMap_BuiltData.uasset'
[2017.10.22-12.15.27:341][479]LogSavePackage:Display: Finished SavePackage ../../../../UE4MajorProject/ue4-soldier/Content/ThirdPersonBP/Maps/ThirdPersonExampleMap_BuiltData.uasset
[2017.10.22-12.16.06:398][951]BlueprintLog: New page: Compile ThirdPersonCharacter
[2017.10.22-12.16.06:989][952]LogTemp: Repeting last play command: Selected Viewport
[2017.10.22-12.16.07:011][952]LogBlueprintUserMessages: Early PlayInEditor Detection: Level '/Game/ThirdPersonBP/Maps/ThirdPersonExampleMap.ThirdPersonExampleMap:PersistentLevel' has LevelScriptBlueprint '/Game/ThirdPersonBP/Maps/ThirdPersonExampleMap.ThirdPersonExampleMap:PersistentLevel.ThirdPersonExampleMap' with GeneratedClass '/Game/ThirdPersonBP/Maps/ThirdPersonExampleMap.ThirdPersonExampleMap_C' with ClassGeneratedBy '/Game/ThirdPersonBP/Maps/ThirdPersonExampleMap.ThirdPersonExampleMap:PersistentLevel.ThirdPersonExampleMap'
[2017.10.22-12.16.07:011][952]LogPlayLevel: PlayLevel: No blueprints needed recompiling
[2017.10.22-12.16.07:011][952]PIE: New page: PIE session: ThirdPersonExampleMap (23 Oct 2017 10:16:07 am)
[2017.10.22-12.16.07:011][952]LogPlayLevel: Creating play world package: /Game/ThirdPersonBP/Maps/UEDPIE_0_ThirdPersonExampleMap
[2017.10.22-12.16.07:028][952]LogPlayLevel: PIE: StaticDuplicateObject took: (0.016931s)
[2017.10.22-12.16.07:029][952]LogAIModule: Creating AISystem for world ThirdPersonExampleMap
[2017.10.22-12.16.07:029][952]LogPlayLevel: PIE: World Init took: (0.001280s)
[2017.10.22-12.16.07:030][952]LogPlayLevel: PIE: Created PIE world by copying editor world from /Game/ThirdPersonBP/Maps/ThirdPersonExampleMap.ThirdPersonExampleMap to /Game/ThirdPersonBP/Maps/UEDPIE_0_ThirdPersonExampleMap.ThirdPersonExampleMap (0.018573s)
[2017.10.22-12.16.07:065][952]LogInit: XAudio2 using 'Speakers (Logitech G430 Gaming Headset)' : 6 channels at 48 kHz using 16 bits per sample (channel mask 0x3f)
[2017.10.22-12.16.07:080][952]LogInit: FAudioDevice initialized.
[2017.10.22-12.16.07:126][952]LogLoad: Game class is 'ThirdPersonGameMode_C'
[2017.10.22-12.16.07:130][952]LogWorld: Bringing World /Game/ThirdPersonBP/Maps/UEDPIE_0_ThirdPersonExampleMap.ThirdPersonExampleMap up for play (max tick rate 0) at 2017.10.22-23.16.07
[2017.10.22-12.16.07:131][952]LogWorld: Bringing up level for play took: 0.002826
[2017.10.22-12.16.07:132][952]PIE: Info Play in editor start time for /Game/ThirdPersonBP/Maps/UEDPIE_0_ThirdPersonExampleMap -0.653
[2017.10.22-12.16.07:133][952]LogBlueprintUserMessages: Late PlayInEditor Detection: Level '/Game/ThirdPersonBP/Maps/ThirdPersonExampleMap.ThirdPersonExampleMap:PersistentLevel' has LevelScriptBlueprint '/Game/ThirdPersonBP/Maps/ThirdPersonExampleMap.ThirdPersonExampleMap:PersistentLevel.ThirdPersonExampleMap' with GeneratedClass '/Game/ThirdPersonBP/Maps/ThirdPersonExampleMap.ThirdPersonExampleMap_C' with ClassGeneratedBy '/Game/ThirdPersonBP/Maps/ThirdPersonExampleMap.ThirdPersonExampleMap:PersistentLevel.ThirdPersonExampleMap'
[2017.10.22-12.16.08:224][994]LogBlueprintUserMessages: Early EndPlayMap Detection: Level '/Game/ThirdPersonBP/Maps/ThirdPersonExampleMap.ThirdPersonExampleMap:PersistentLevel' has LevelScriptBlueprint '/Game/ThirdPersonBP/Maps/ThirdPersonExampleMap.ThirdPersonExampleMap:PersistentLevel.ThirdPersonExampleMap' with GeneratedClass '/Game/ThirdPersonBP/Maps/ThirdPersonExampleMap.ThirdPersonExampleMap_C' with ClassGeneratedBy '/Game/ThirdPersonBP/Maps/ThirdPersonExampleMap.ThirdPersonExampleMap:PersistentLevel.ThirdPersonExampleMap'
[2017.10.22-12.16.08:301][994]LogBlueprintUserMessages: Late EndPlayMap Detection: Level '/Game/ThirdPersonBP/Maps/ThirdPersonExampleMap.ThirdPersonExampleMap:PersistentLevel' has LevelScriptBlueprint '/Game/ThirdPersonBP/Maps/ThirdPersonExampleMap.ThirdPersonExampleMap:PersistentLevel.ThirdPersonExampleMap' with GeneratedClass '/Game/ThirdPersonBP/Maps/ThirdPersonExampleMap.ThirdPersonExampleMap_C' with ClassGeneratedBy '/Game/ThirdPersonBP/Maps/ThirdPersonExampleMap.ThirdPersonExampleMap:PersistentLevel.ThirdPersonExampleMap'
[2017.10.22-12.16.09:293][ 10]LogSavePackage: Save=180.84ms
[2017.10.22-12.16.09:293][ 10]LogSavePackage: Moving '../../../../UE4MajorProject/ue4-soldier/Saved/ThirdPersonExampleMapB52BD2754DF3A58BA4CA208496300508.tmp' to '../../../../UE4MajorProject/ue4-soldier/Content/ThirdPersonBP/Maps/ThirdPersonExampleMap.umap'
[2017.10.22-12.16.09:299][ 10]LogSavePackage:Display: Finished SavePackage ../../../../UE4MajorProject/ue4-soldier/Content/ThirdPersonBP/Maps/ThirdPersonExampleMap.umap
[2017.10.22-12.16.09:481][ 10]LogSavePackage: Save=136.18ms
[2017.10.22-12.16.09:481][ 10]LogSavePackage: Moving '../../../../UE4MajorProject/ue4-soldier/Saved/ThirdPersonExampleMap_BuiltData1541D47E481E723223DD7FA5F093D55E.tmp' to '../../../../UE4MajorProject/ue4-soldier/Content/ThirdPersonBP/Maps/ThirdPersonExampleMap_BuiltData.uasset'
[2017.10.22-12.16.09:483][ 10]LogSavePackage:Display: Finished SavePackage ../../../../UE4MajorProject/ue4-soldier/Content/ThirdPersonBP/Maps/ThirdPersonExampleMap_BuiltData.uasset
[2017.10.22-12.16.14:149][121]Cmd: OBJ SAVEPACKAGE PACKAGE="/Game/ThirdPersonBP/Blueprints/ThirdPersonCharacter" FILE="../../../../UE4MajorProject/ue4-soldier/Content/ThirdPersonBP/Blueprints/ThirdPersonCharacter.uasset" SILENT=true
[2017.10.22-12.16.14:359][121]LogSavePackage: Save=201.23ms
[2017.10.22-12.16.14:359][121]LogSavePackage: Moving '../../../../UE4MajorProject/ue4-soldier/Saved/ThirdPersonCharacter6228A6004C3FB12807AAEC8BEC0C2654.tmp' to '../../../../UE4MajorProject/ue4-soldier/Content/ThirdPersonBP/Blueprints/ThirdPersonCharacter.uasset'
[2017.10.22-12.16.14:362][121]LogSavePackage:Display: Finished SavePackage ../../../../UE4MajorProject/ue4-soldier/Content/ThirdPersonBP/Blueprints/ThirdPersonCharacter.uasset
[2017.10.22-12.16.15:209][121]LogWindowsTextInputMethodSystem:Display: IME system now deactivated.
[2017.10.22-12.16.15:417][122]Cmd: QUIT_EDITOR
[2017.10.22-12.16.16:142][122]LogExit: Preparing to exit.
[2017.10.22-12.16.16:449][122]LogDirectoryWatcher: A directory notification for 'C:/UE4MajorProject/ue4-soldier/Content/' was aborted.
[2017.10.22-12.16.16:501][122]LogExit: Editor shut down
[2017.10.22-12.16.16:509][122]LogExit: Transaction tracking system shut down
[2017.10.22-12.16.16:631][122]LogObj: Freed 0b from 0 cluster array pools.
[2017.10.22-12.16.16:631][122]LogExit: Object subsystem successfully closed.
[2017.10.22-12.16.16:654][122]LogD3D11RHI: Shutdown
[2017.10.22-12.16.16:654][122]LogD3D11RHI: CleanupD3DDevice
[2017.10.22-12.16.16:829][122]LogD3D11RHI: ~FD3D11DynamicRHI
[2017.10.22-12.16.16:848][122]LogModuleManager: Shutting down and abandoning module MovieSceneCapture (538)
[2017.10.22-12.16.16:848][122]LogModuleManager: Shutting down and abandoning module AnimationEditor (536)
[2017.10.22-12.16.16:848][122]LogModuleManager: Shutting down and abandoning module ClothingSystemEditorInterface (534)
[2017.10.22-12.16.16:848][122]LogModuleManager: Shutting down and abandoning module SkeletonEditor (532)
[2017.10.22-12.16.16:848][122]LogModuleManager: Shutting down and abandoning module SkeletalMeshEditor (530)
[2017.10.22-12.16.16:848][122]LogModuleManager: Shutting down and abandoning module BlueprintGraph (528)
[2017.10.22-12.16.16:848][122]LogModuleManager: Shutting down and abandoning module BlueprintProfiler (526)
[2017.10.22-12.16.16:848][122]LogModuleManager: Shutting down and abandoning module HierarchicalLODOutliner (524)
[2017.10.22-12.16.16:848][122]LogModuleManager: Shutting down and abandoning module CrashTracker (522)
[2017.10.22-12.16.16:848][122]LogModuleManager: Shutting down and abandoning module SceneOutliner (520)
[2017.10.22-12.16.16:849][122]LogModuleManager: Shutting down and abandoning module AddContentDialog (518)
[2017.10.22-12.16.16:849][122]LogDirectoryWatcher: A directory notification for 'C:/UE_4.16/FeaturePacks/' was aborted.
[2017.10.22-12.16.16:849][122]LogModuleManager: Shutting down and abandoning module WidgetCarousel (517)
[2017.10.22-12.16.16:849][122]LogModuleManager: Shutting down and abandoning module EditorWidgets (514)
[2017.10.22-12.16.16:849][122]LogModuleManager: Shutting down and abandoning module CollectionManager (512)
[2017.10.22-12.16.16:849][122]LogDirectoryWatcher: A directory notification for 'C:/UE4MajorProject/ue4-soldier/Content/Collections/' was aborted.
[2017.10.22-12.16.16:850][122]LogDirectoryWatcher: A directory notification for 'C:/UE4MajorProject/ue4-soldier/Content/Developers/RicardoB/Collections/' was aborted.
[2017.10.22-12.16.16:850][122]LogDirectoryWatcher: A directory notification for 'C:/UE4MajorProject/ue4-soldier/Saved/Collections/' was aborted.
[2017.10.22-12.16.16:850][122]LogModuleManager: Shutting down and abandoning module StatsViewer (510)
[2017.10.22-12.16.16:850][122]LogModuleManager: Shutting down and abandoning module FoliageEdit (508)
[2017.10.22-12.16.16:850][122]LogModuleManager: Shutting down and abandoning module LandscapeEditor (506)
[2017.10.22-12.16.16:850][122]LogModuleManager: Shutting down and abandoning module MeshPaintMode (504)
[2017.10.22-12.16.16:850][122]LogModuleManager: Shutting down and abandoning module SceneDepthPickerMode (502)
[2017.10.22-12.16.16:850][122]LogModuleManager: Shutting down and abandoning module ActorPickerMode (500)
[2017.10.22-12.16.16:850][122]LogModuleManager: Shutting down and abandoning module GeometryMode (498)
[2017.10.22-12.16.16:850][122]LogModuleManager: Shutting down and abandoning module TextureAlignMode (496)
[2017.10.22-12.16.16:850][122]LogModuleManager: Shutting down and abandoning module BspMode (494)
[2017.10.22-12.16.16:850][122]LogModuleManager: Shutting down and abandoning module HardwareSurvey (492)
[2017.10.22-12.16.16:850][122]LogModuleManager: Shutting down and abandoning module SequenceRecorderSections (490)
[2017.10.22-12.16.16:850][122]LogModuleManager: Shutting down and abandoning module AutomationWorker (488)
[2017.10.22-12.16.16:850][122]LogModuleManager: Shutting down and abandoning module MatineeToLevelSequence (486)
[2017.10.22-12.16.16:850][122]LogModuleManager: Shutting down and abandoning module LevelSequenceEditor (484)
[2017.10.22-12.16.16:850][122]LogModuleManager: Shutting down and abandoning module PlacementMode (483)
[2017.10.22-12.16.16:850][122]LogModuleManager: Shutting down and abandoning module WmfMediaFactory (480)
[2017.10.22-12.16.16:850][122]LogModuleManager: Shutting down and abandoning module WmfMediaEditor (478)
[2017.10.22-12.16.16:850][122]LogModuleManager: Shutting down and abandoning module AvfMediaFactory (476)
[2017.10.22-12.16.16:850][122]LogModuleManager: Shutting down and abandoning module AvfMediaEditor (474)
[2017.10.22-12.16.16:850][122]LogModuleManager: Shutting down and abandoning module AndroidMediaFactory (472)
[2017.10.22-12.16.16:850][122]LogModuleManager: Shutting down and abandoning module Media (471)
[2017.10.22-12.16.16:850][122]LogModuleManager: Shutting down and abandoning module AndroidMediaEditor (468)
[2017.10.22-12.16.16:850][122]LogModuleManager: Shutting down and abandoning module CharacterAI (466)
[2017.10.22-12.16.16:850][122]LogModuleManager: Shutting down and abandoning module AudioCapture (464)
[2017.10.22-12.16.16:850][122]LogModuleManager: Shutting down and abandoning module SequenceRecorder (463)
[2017.10.22-12.16.16:850][122]LogModuleManager: Shutting down and abandoning module SmartSnapping (460)
[2017.10.22-12.16.16:850][122]LogModuleManager: Shutting down and abandoning module SessionServices (458)
[2017.10.22-12.16.16:850][122]LogModuleManager: Shutting down and abandoning module ViewportSnapping (456)
[2017.10.22-12.16.16:850][122]LogModuleManager: Shutting down and abandoning module ViewportInteraction (454)
[2017.10.22-12.16.16:850][122]LogModuleManager: Shutting down and abandoning module ClothPainter (452)
[2017.10.22-12.16.16:850][122]LogModuleManager: Shutting down and abandoning module LogVisualizer (450)
[2017.10.22-12.16.16:850][122]LogModuleManager: Shutting down and abandoning module IntroTutorials (448)
[2017.10.22-12.16.16:850][122]LogModuleManager: Shutting down and abandoning module GameProjectGeneration (447)
[2017.10.22-12.16.16:850][122]LogModuleManager: Shutting down and abandoning module EditorLiveStreaming (444)
[2017.10.22-12.16.16:850][122]LogModuleManager: Shutting down and abandoning module IOSPlatformEditor (442)
[2017.10.22-12.16.16:850][122]LogModuleManager: Shutting down and abandoning module HTML5PlatformEditor (440)
[2017.10.22-12.16.16:850][122]LogModuleManager: Shutting down and abandoning module AndroidPlatformEditor (438)
[2017.10.22-12.16.16:850][122]LogModuleManager: Shutting down and abandoning module AndroidDeviceDetection (437)
[2017.10.22-12.16.17:738][122]LogModuleManager: Shutting down and abandoning module IOSRuntimeSettings (434)
[2017.10.22-12.16.17:738][122]LogModuleManager: Shutting down and abandoning module AndroidRuntimeSettings (432)
[2017.10.22-12.16.17:738][122]LogModuleManager: Shutting down and abandoning module InputBindingEditor (430)
[2017.10.22-12.16.17:738][122]LogModuleManager: Shutting down and abandoning module MergeActors (428)
[2017.10.22-12.16.17:738][122]LogModuleManager: Shutting down and abandoning module SizeMap (426)
[2017.10.22-12.16.17:738][122]LogModuleManager: Shutting down and abandoning module TreeMap (424)
[2017.10.22-12.16.17:738][122]LogModuleManager: Shutting down and abandoning module ReferenceViewer (422)
[2017.10.22-12.16.17:738][122]LogModuleManager: Shutting down and abandoning module LocalizationDashboard (420)
[2017.10.22-12.16.17:738][122]LogModuleManager: Shutting down and abandoning module LocalizationService (419)
[2017.10.22-12.16.17:738][122]LogModuleManager: Shutting down and abandoning module HardwareTargeting (416)
[2017.10.22-12.16.17:738][122]LogModuleManager: Shutting down and abandoning module DeviceProfileEditor (414)
[2017.10.22-12.16.17:738][122]LogModuleManager: Shutting down and abandoning module UndoHistory (412)
[2017.10.22-12.16.17:739][122]LogModuleManager: Shutting down and abandoning module UserFeedback (410)
[2017.10.22-12.16.17:739][122]LogModuleManager: Shutting down and abandoning module XmlParser (408)
[2017.10.22-12.16.17:739][122]LogModuleManager: Shutting down and abandoning module Blutility (406)
[2017.10.22-12.16.17:739][122]LogModuleManager: Shutting down and abandoning module ProjectSettingsViewer (404)
[2017.10.22-12.16.17:739][122]LogModuleManager: Shutting down and abandoning module ProjectTargetPlatformEditor (403)
[2017.10.22-12.16.17:739][122]LogModuleManager: Shutting down and abandoning module EditorSettingsViewer (400)
[2017.10.22-12.16.17:739][122]LogModuleManager: Shutting down and abandoning module SettingsEditor (398)
[2017.10.22-12.16.17:739][122]LogModuleManager: Shutting down and abandoning module ProjectLauncher (396)
[2017.10.22-12.16.17:739][122]LogModuleManager: Shutting down and abandoning module SessionFrontend (394)
[2017.10.22-12.16.17:739][122]LogModuleManager: Shutting down and abandoning module ProfilerClient (392)
[2017.10.22-12.16.17:739][122]LogModuleManager: Shutting down and abandoning module DeviceManager (390)
[2017.10.22-12.16.17:739][122]LogModuleManager: Shutting down and abandoning module TargetDeviceServices (389)
[2017.10.22-12.16.17:783][122]LogModuleManager: Shutting down and abandoning module AutomationController (386)
[2017.10.22-12.16.17:783][122]LogModuleManager: Shutting down and abandoning module AutomationWindow (384)
[2017.10.22-12.16.17:783][122]LogModuleManager: Shutting down and abandoning module Layers (382)
[2017.10.22-12.16.17:783][122]LogModuleManager: Shutting down and abandoning module ComponentVisualizers (380)
[2017.10.22-12.16.17:783][122]LogModuleManager: Shutting down and abandoning module DetailCustomizations (378)
[2017.10.22-12.16.17:783][122]LogModuleManager: Shutting down and abandoning module PackagesDialog (376)
[2017.10.22-12.16.17:783][122]LogModuleManager: Shutting down and abandoning module Persona (374)
[2017.10.22-12.16.17:783][122]LogModuleManager: Shutting down and abandoning module AdvancedPreviewScene (373)
[2017.10.22-12.16.17:783][122]LogModuleManager: Shutting down and abandoning module AnimGraph (371)
[2017.10.22-12.16.17:783][122]LogModuleManager: Shutting down and abandoning module Kismet (368)
[2017.10.22-12.16.17:792][122]LogModuleManager: Shutting down and abandoning module ClassViewer (366)
[2017.10.22-12.16.17:792][122]LogModuleManager: Shutting down and abandoning module Toolbox (364)
[2017.10.22-12.16.17:792][122]LogModuleManager: Shutting down and abandoning module ModuleUI (362)
[2017.10.22-12.16.17:792][122]LogModuleManager: Shutting down and abandoning module MovieSceneTools (360)
[2017.10.22-12.16.17:792][122]LogModuleManager: Shutting down and abandoning module OutputLog (358)
[2017.10.22-12.16.17:792][122]LogModuleManager: Shutting down and abandoning module GammaUI (356)
[2017.10.22-12.16.17:792][122]LogModuleManager: Shutting down and abandoning module Documentation (354)
[2017.10.22-12.16.17:792][122]LogModuleManager: Shutting down and abandoning module MovieSceneTracks (352)
[2017.10.22-12.16.17:792][122]LogModuleManager: Shutting down and abandoning module MovieScene (350)
[2017.10.22-12.16.17:792][122]LogModuleManager: Shutting down and abandoning module Niagara (348)
[2017.10.22-12.16.17:792][122]LogModuleManager: Shutting down and abandoning module NiagaraEditor (347)
[2017.10.22-12.16.17:792][122]LogModuleManager: Shutting down and abandoning module StreamingPauseRendering (344)
[2017.10.22-12.16.17:792][122]LogModuleManager: Shutting down and abandoning module AnalyticsET (342)
[2017.10.22-12.16.17:792][122]LogModuleManager: Shutting down and abandoning module PortalServices (340)
[2017.10.22-12.16.17:792][122]LogModuleManager: Shutting down and abandoning module PortalRpc (338)
[2017.10.22-12.16.17:792][122]LogModuleManager: Shutting down and abandoning module MessagingRpc (336)
[2017.10.22-12.16.17:792][122]LogModuleManager: Shutting down and abandoning module AIModule (334)
[2017.10.22-12.16.17:792][122]LogModuleManager: Shutting down and abandoning module GameplayDebugger (333)
[2017.10.22-12.16.17:793][122]LogModuleManager: Shutting down and abandoning module AITestSuite (331)
[2017.10.22-12.16.17:793][122]LogModuleManager: Shutting down and abandoning module ProfilerService (328)
[2017.10.22-12.16.17:871][122]LogModuleManager: Shutting down and abandoning module TaskGraph (326)
[2017.10.22-12.16.17:871][122]LogModuleManager: Shutting down and abandoning module SteamVRController (324)
[2017.10.22-12.16.17:871][122]LogModuleManager: Shutting down and abandoning module SteamVR (322)
[2017.10.22-12.16.17:871][122]LogModuleManager: Shutting down and abandoning module ProceduralMeshComponentEditor (320)
[2017.10.22-12.16.17:871][122]LogModuleManager: Shutting down and abandoning module ProceduralMeshComponent (318)
[2017.10.22-12.16.17:871][122]LogModuleManager: Shutting down and abandoning module OculusLibrary (316)
[2017.10.22-12.16.17:871][122]LogModuleManager: Shutting down and abandoning module OculusInput (314)
[2017.10.22-12.16.17:871][122]LogModuleManager: Shutting down and abandoning module MobilePatchingUtils (312)
[2017.10.22-12.16.17:871][122]LogModuleManager: Shutting down and abandoning module CustomMeshComponent (310)
[2017.10.22-12.16.17:871][122]LogModuleManager: Shutting down and abandoning module CableComponent (308)
[2017.10.22-12.16.17:871][122]LogModuleManager: Shutting down and abandoning module ArchVisCharacter (306)
[2017.10.22-12.16.17:871][122]LogModuleManager: Shutting down and abandoning module AndroidPermission (304)
[2017.10.22-12.16.17:871][122]LogModuleManager: Shutting down and abandoning module MediaPlayerEditor (300)
[2017.10.22-12.16.17:871][122]LogModuleManager: Shutting down and abandoning module HTML5Networking (298)
[2017.10.22-12.16.17:871][122]LogModuleManager: Shutting down and abandoning module AlembicImporter (296)
[2017.10.22-12.16.17:871][122]LogModuleManager: Shutting down and abandoning module AlembicLibrary (295)
[2017.10.22-12.16.17:871][122]LogModuleManager: Shutting down and abandoning module GeometryCache (294)
[2017.10.22-12.16.17:871][122]LogModuleManager: Shutting down and abandoning module GeometryCacheEd (293)
[2017.10.22-12.16.17:871][122]LogModuleManager: Shutting down and abandoning module SuperSearchEditor (288)
[2017.10.22-12.16.17:871][122]LogModuleManager: Shutting down and abandoning module SuperSearch (287)
[2017.10.22-12.16.17:871][122]LogModuleManager: Shutting down and abandoning module SpeedTreeImporter (284)
[2017.10.22-12.16.17:871][122]LogModuleManager: Shutting down and abandoning module PluginBrowser (282)
[2017.10.22-12.16.17:871][122]LogModuleManager: Shutting down and abandoning module MobileLauncherProfileWizard (280)
[2017.10.22-12.16.17:871][122]LogModuleManager: Shutting down and abandoning module VisualStudioSourceCodeAccess (278)
[2017.10.22-12.16.17:871][122]LogModuleManager: Shutting down and abandoning module DesktopPlatform (277)
[2017.10.22-12.16.17:871][122]LogModuleManager: Shutting down and abandoning module UObjectPlugin (274)
[2017.10.22-12.16.17:871][122]LogModuleManager: Shutting down and abandoning module SubversionSourceControl (272)
[2017.10.22-12.16.17:872][122]LogModuleManager: Shutting down and abandoning module PerforceSourceControl (270)
[2017.10.22-12.16.17:872][122]LogModuleManager: Shutting down and abandoning module GitSourceControl (268)
[2017.10.22-12.16.17:872][122]LogModuleManager: Shutting down and abandoning module SourceControl (267)
[2017.10.22-12.16.17:872][122]LogModuleManager: Shutting down and abandoning module LightPropagationVolumeEditor (264)
[2017.10.22-12.16.17:872][122]LogModuleManager: Shutting down and abandoning module PaperTiledImporter (262)
[2017.10.22-12.16.17:872][122]LogModuleManager: Shutting down and abandoning module PaperSpriteSheetImporter (260)
[2017.10.22-12.16.17:872][122]LogModuleManager: Shutting down and abandoning module Paper2DEditor (258)
[2017.10.22-12.16.17:872][122]LogModuleManager: Shutting down and abandoning module MeshPaint (257)
[2017.10.22-12.16.17:872][122]LogModuleManager: Shutting down and abandoning module LevelEditor (255)
[2017.10.22-12.16.17:873][122]LogModuleManager: Shutting down and abandoning module PixelInspectorModule (254)
[2017.10.22-12.16.17:873][122]LogModuleManager: Shutting down and abandoning module MainFrame (252)
[2017.10.22-12.16.17:873][122]LogModuleManager: Shutting down and abandoning module HotReload (251)
[2017.10.22-12.16.17:874][122]LogModuleManager: Shutting down and abandoning module PhysXVehiclesEditor (246)
[2017.10.22-12.16.17:874][122]LogModuleManager: Shutting down and abandoning module PhysXVehicles (244)
[2017.10.22-12.16.17:874][122]LogModuleManager: Shutting down and abandoning module LocationServicesBPLibrary (242)
[2017.10.22-12.16.17:874][122]LogModuleManager: Shutting down and abandoning module ImmediatePhysicsEditor (240)
[2017.10.22-12.16.17:874][122]LogModuleManager: Shutting down and abandoning module ImmediatePhysics (238)
[2017.10.22-12.16.17:874][122]LogModuleManager: Shutting down and abandoning module UdpMessaging (236)
[2017.10.22-12.16.17:975][122]LogModuleManager: Shutting down and abandoning module TcpMessaging (234)
[2017.10.22-12.16.18:076][122]LogModuleManager: Shutting down and abandoning module GameplayTagsEditor (232)
[2017.10.22-12.16.18:076][122]LogModuleManager: Shutting down and abandoning module FacialAnimationEditor (230)
[2017.10.22-12.16.18:076][122]LogModuleManager: Shutting down and abandoning module FacialAnimation (228)
[2017.10.22-12.16.18:076][122]LogModuleManager: Shutting down and abandoning module AssetManagerEditor (226)
[2017.10.22-12.16.18:076][122]LogModuleManager: Shutting down and abandoning module GraphEditor (225)
[2017.10.22-12.16.18:076][122]LogModuleManager: Shutting down and abandoning module ContentBrowser (223)
[2017.10.22-12.16.18:077][122]LogModuleManager: Shutting down and abandoning module LightPropagationVolumeRuntime (220)
[2017.10.22-12.16.18:077][122]LogModuleManager: Shutting down and abandoning module Paper2D (218)
[2017.10.22-12.16.18:077][122]LogModuleManager: Shutting down and abandoning module WindowsMoviePlayer (216)
[2017.10.22-12.16.18:077][122]LogModuleManager: Shutting down and abandoning module WmfMedia (214)
[2017.10.22-12.16.18:077][122]LogModuleManager: Shutting down and abandoning module ClothingSystemEditor (212)
[2017.10.22-12.16.18:077][122]LogModuleManager: Shutting down and abandoning module ClothingSystemRuntime (210)
[2017.10.22-12.16.18:077][122]LogModuleManager: Shutting down and abandoning module MediaAssets (208)
[2017.10.22-12.16.18:077][122]LogModuleManager: Shutting down and abandoning module GameLiveStreaming (206)
[2017.10.22-12.16.18:077][122]LogModuleManager: Shutting down and abandoning module VREditor (204)
[2017.10.22-12.16.18:077][122]LogModuleManager: Shutting down and abandoning module StringTableEditor (202)
[2017.10.22-12.16.18:077][122]LogModuleManager: Shutting down and abandoning module GameplayTasksEditor (200)
[2017.10.22-12.16.18:077][122]LogModuleManager: Shutting down and abandoning module BehaviorTreeEditor (198)
[2017.10.22-12.16.18:077][122]LogModuleManager: Shutting down and abandoning module FunctionalTesting (196)
[2017.10.22-12.16.18:077][122]LogModuleManager: Shutting down and abandoning module CollisionAnalyzer (194)
[2017.10.22-12.16.18:077][122]LogModuleManager: Shutting down and abandoning module UMG (192)
[2017.10.22-12.16.18:077][122]LogModuleManager: Shutting down and abandoning module UMGEditor (191)
[2017.10.22-12.16.18:077][122]LogModuleManager: Shutting down and abandoning module Sequencer (190)
[2017.10.22-12.16.18:077][122]LogModuleManager: Shutting down and abandoning module AssetTools (188)
[2017.10.22-12.16.18:077][122]LogModuleManager: Shutting down and abandoning module MessageLog (187)
[2017.10.22-12.16.18:077][122]LogModuleManager: Shutting down and abandoning module WorkspaceMenuStructure (186)
[2017.10.22-12.16.18:077][122]LogModuleManager: Shutting down and abandoning module SlateReflector (180)
[2017.10.22-12.16.18:077][122]LogModuleManager: Shutting down and abandoning module Slate (178)
[2017.10.22-12.16.18:077][122]LogModuleManager: Shutting down and abandoning module EditorStyle (176)
[2017.10.22-12.16.18:080][122]LogModuleManager: Shutting down and abandoning module SourceCodeAccess (174)
[2017.10.22-12.16.18:080][122]LogModuleManager: Shutting down and abandoning module HeadMountedDisplay (172)
[2017.10.22-12.16.18:080][122]LogModuleManager: Shutting down and abandoning module XAudio2 (170)
[2017.10.22-12.16.18:080][122]LogModuleManager: Shutting down and abandoning module Networking (168)
[2017.10.22-12.16.18:080][122]LogModuleManager: Shutting down and abandoning module Core (164)
[2017.10.22-12.16.18:080][122]LogModuleManager: Shutting down and abandoning module AssetRegistry (162)
[2017.10.22-12.16.18:276][122]LogDirectoryWatcher: A directory notification for '../../../Engine/Content/' was aborted.
[2017.10.22-12.16.18:276][122]LogDirectoryWatcher: A directory notification for '../../../../UE4MajorProject/ue4-soldier/Content/' was aborted.
[2017.10.22-12.16.18:276][122]LogDirectoryWatcher: A directory notification for '../../../Engine/Plugins/2D/Paper2D/Content/' was aborted.
[2017.10.22-12.16.18:276][122]LogDirectoryWatcher: A directory notification for '../../../Engine/Plugins/Runtime/GearVR/Content/' was aborted.
[2017.10.22-12.16.18:278][122]LogModuleManager: Shutting down and abandoning module DirectoryWatcher (161)
[2017.10.22-12.16.18:279][122]LogModuleManager: Shutting down and abandoning module KismetCompiler (158)
[2017.10.22-12.16.18:279][122]LogModuleManager: Shutting down and abandoning module LevelSequence (156)
[2017.10.22-12.16.18:279][122]LogModuleManager: Shutting down and abandoning module PhysXFormats (154)
[2017.10.22-12.16.18:279][122]LogModuleManager: Shutting down and abandoning module MeshUtilities (152)
[2017.10.22-12.16.18:279][122]LogModuleManager: Shutting down and abandoning module SimplygonSwarm (151)
[2017.10.22-12.16.18:279][122]LogModuleManager: Shutting down and abandoning module SimplygonMeshReduction (149)
[2017.10.22-12.16.18:279][122]LogModuleManager: Shutting down and abandoning module QuadricMeshReduction (147)
[2017.10.22-12.16.18:279][122]LogModuleManager: Shutting down and abandoning module DerivedDataCache (144)
[2017.10.22-12.16.18:298][122]LogDerivedDataCache: Shutdown
[2017.10.22-12.16.18:298][122]LogModuleManager: Shutting down and abandoning module TargetPlatform (142)
[2017.10.22-12.16.18:298][122]LogModuleManager: Shutting down and abandoning module VulkanShaderFormat (141)
[2017.10.22-12.16.18:298][122]LogModuleManager: Shutting down and abandoning module ShaderFormatVectorVM (139)
[2017.10.22-12.16.18:298][122]LogModuleManager: Shutting down and abandoning module ShaderFormatOpenGL (137)
[2017.10.22-12.16.18:298][122]LogModuleManager: Shutting down and abandoning module ShaderFormatD3D (135)
[2017.10.22-12.16.18:298][122]LogModuleManager: Shutting down and abandoning module MetalShaderFormat (133)
[2017.10.22-12.16.18:298][122]LogModuleManager: Shutting down and abandoning module TextureFormatUncompressed (131)
[2017.10.22-12.16.18:298][122]LogModuleManager: Shutting down and abandoning module TextureFormatPVR (129)
[2017.10.22-12.16.18:298][122]LogModuleManager: Shutting down and abandoning module TextureFormatDXT (127)
[2017.10.22-12.16.18:298][122]LogModuleManager: Shutting down and abandoning module TextureFormatIntelISPCTexComp (125)
[2017.10.22-12.16.18:298][122]LogModuleManager: Shutting down and abandoning module TextureFormatASTC (123)
[2017.10.22-12.16.18:298][122]LogModuleManager: Shutting down and abandoning module ImageWrapper (122)
[2017.10.22-12.16.18:298][122]LogModuleManager: Shutting down and abandoning module TextureFormatAndroid (119)
[2017.10.22-12.16.18:298][122]LogModuleManager: Shutting down and abandoning module AudioFormatOpus (117)
[2017.10.22-12.16.18:298][122]LogModuleManager: Shutting down and abandoning module AudioFormatOgg (115)
[2017.10.22-12.16.18:298][122]LogModuleManager: Shutting down and abandoning module AudioFormatADPCM (113)
[2017.10.22-12.16.18:298][122]LogModuleManager: Shutting down and abandoning module LinuxTargetPlatform (111)
[2017.10.22-12.16.18:298][122]LogModuleManager: Shutting down and abandoning module LinuxServerTargetPlatform (109)
[2017.10.22-12.16.18:298][122]LogModuleManager: Shutting down and abandoning module LinuxNoEditorTargetPlatform (107)
[2017.10.22-12.16.18:298][122]LogModuleManager: Shutting down and abandoning module LinuxClientTargetPlatform (105)
[2017.10.22-12.16.18:298][122]LogModuleManager: Shutting down and abandoning module TVOSTargetPlatform (103)
[2017.10.22-12.16.18:298][122]LogModuleManager: Shutting down and abandoning module Messaging (101)
[2017.10.22-12.16.18:298][122]LogModuleManager: Shutting down and abandoning module IOSTargetPlatform (99)
[2017.10.22-12.16.18:298][122]LogModuleManager: Shutting down and abandoning module HTML5TargetPlatform (97)
[2017.10.22-12.16.18:298][122]LogModuleManager: Shutting down and abandoning module Android_PVRTCTargetPlatform (95)
[2017.10.22-12.16.18:298][122]LogModuleManager: Shutting down and abandoning module Android_MultiTargetPlatform (93)
[2017.10.22-12.16.18:298][122]LogModuleManager: Shutting down and abandoning module Android_ETC2TargetPlatform (91)
[2017.10.22-12.16.18:298][122]LogModuleManager: Shutting down and abandoning module Android_ETC1TargetPlatform (89)
[2017.10.22-12.16.18:298][122]LogModuleManager: Shutting down and abandoning module Android_DXTTargetPlatform (87)
[2017.10.22-12.16.18:298][122]LogModuleManager: Shutting down and abandoning module Android_ATCTargetPlatform (85)
[2017.10.22-12.16.18:298][122]LogModuleManager: Shutting down and abandoning module Android_ASTCTargetPlatform (83)
[2017.10.22-12.16.18:298][122]LogModuleManager: Shutting down and abandoning module AndroidTargetPlatform (81)
[2017.10.22-12.16.18:298][122]LogModuleManager: Shutting down and abandoning module WindowsTargetPlatform (79)
[2017.10.22-12.16.18:298][122]LogModuleManager: Shutting down and abandoning module WindowsServerTargetPlatform (77)
[2017.10.22-12.16.18:298][122]LogModuleManager: Shutting down and abandoning module WindowsNoEditorTargetPlatform (75)
[2017.10.22-12.16.18:298][122]LogModuleManager: Shutting down and abandoning module WindowsClientTargetPlatform (73)
[2017.10.22-12.16.18:298][122]LogModuleManager: Shutting down and abandoning module MacTargetPlatform (71)
[2017.10.22-12.16.18:298][122]LogModuleManager: Shutting down and abandoning module MacServerTargetPlatform (69)
[2017.10.22-12.16.18:298][122]LogModuleManager: Shutting down and abandoning module MacNoEditorTargetPlatform (67)
[2017.10.22-12.16.18:298][122]LogModuleManager: Shutting down and abandoning module MacClientTargetPlatform (65)
[2017.10.22-12.16.18:298][122]LogModuleManager: Shutting down and abandoning module AllDesktopTargetPlatform (63)
[2017.10.22-12.16.18:298][122]LogModuleManager: Shutting down and abandoning module InputCore (60)
[2017.10.22-12.16.18:298][122]LogModuleManager: Shutting down and abandoning module Settings (58)
[2017.10.22-12.16.18:298][122]LogModuleManager: Shutting down and abandoning module OculusRift (56)
[2017.10.22-12.16.18:298][122]LogModuleManager: Shutting down and abandoning module GearVRController (54)
[2017.10.22-12.16.18:298][122]LogModuleManager: Shutting down and abandoning module GearVR (52)
[2017.10.22-12.16.18:298][122]LogModuleManager: Shutting down and abandoning module ExampleDeviceProfileSelector (50)
[2017.10.22-12.16.18:298][122]LogModuleManager: Shutting down and abandoning module OnlineBlueprintSupport (48)
[2017.10.22-12.16.18:298][122]LogModuleManager: Shutting down and abandoning module OnlineSubsystem (44)
[2017.10.22-12.16.18:298][122]LogOnline:Display: Unloading online subsystem: NULL
[2017.10.22-12.16.18:298][122]LogModuleManager: Shutting down and abandoning module XMPP (43)
[2017.10.22-12.16.18:298][122]LogModuleManager: Shutting down and abandoning module HTTP (41)
[2017.10.22-12.16.18:298][122]LogHttp:Display: Http module shutting down, but needs to wait on 1 outstanding Http requests:
[2017.10.22-12.16.18:299][122]LogHttp:Display: 	verb=[POST] url=[https://datarouter.ol.epicgames.com/datarouter/api/v1/public/data?SessionID=%7BB2FC68EB-4FE8-FB2C-FBB8-18A38AF933C3%7D&AppID=UEEditor.Rocket.Release&AppVersion=4.16.3-3561208%2B%2B%2BUE4%2BRelease-4.16&UserID=0f1b06f744dd524406daf9942190c72d%7Cc1937645ac6944d5afa1a9bcaa1303b1%7C6923ac25-2993-4f60-9935-a5fef3bbb200&AppEnvironment=datacollector-binary&UploadType=eteventstream] status=Processing
[2017.10.22-12.16.18:312][122]LogModuleManager: Shutting down and abandoning module SSL (40)
[2017.10.22-12.16.18:314][122]LogModuleManager: Shutting down and abandoning module HTTPChunkInstaller (36)
[2017.10.22-12.16.18:314][122]LogModuleManager: Shutting down and abandoning module AnimationModifiers (34)
[2017.10.22-12.16.18:314][122]LogModuleManager: Shutting down and abandoning module PropertyEditor (33)
[2017.10.22-12.16.18:314][122]LogModuleManager: Shutting down and abandoning module AudioEditor (30)
[2017.10.22-12.16.18:314][122]LogModuleManager: Shutting down and abandoning module TextureCompressor (28)
[2017.10.22-12.16.18:314][122]LogModuleManager: Shutting down and abandoning module ShaderCore (26)
[2017.10.22-12.16.18:314][122]LogModuleManager: Shutting down and abandoning module Landscape (24)
[2017.10.22-12.16.18:314][122]LogModuleManager: Shutting down and abandoning module SlateRHIRenderer (22)
[2017.10.22-12.16.18:316][122]LogModuleManager: Shutting down and abandoning module OpenGLDrv (20)
[2017.10.22-12.16.18:316][122]LogModuleManager: Shutting down and abandoning module D3D11RHI (18)
[2017.10.22-12.16.18:316][122]LogModuleManager: Shutting down and abandoning module AnimGraphRuntime (16)
[2017.10.22-12.16.18:316][122]LogModuleManager: Shutting down and abandoning module Renderer (14)
[2017.10.22-12.16.18:316][122]LogModuleManager: Shutting down and abandoning module Engine (12)
[2017.10.22-12.16.18:316][122]LogModuleManager: Shutting down and abandoning module CoreUObject (10)
[2017.10.22-12.16.18:316][122]LogModuleManager: Shutting down and abandoning module NetworkFile (8)
[2017.10.22-12.16.18:316][122]LogModuleManager: Shutting down and abandoning module StreamingFile (6)
[2017.10.22-12.16.18:316][122]LogModuleManager: Shutting down and abandoning module SandboxFile (4)
[2017.10.22-12.16.18:316][122]LogModuleManager: Shutting down and abandoning module PakFile (2)
[2017.10.22-12.16.18:317][122]LogExit: Exiting.
[2017.10.22-12.16.18:331][122]Log file closed, 10/22/17 23:16:18
